{"meta": {"format": 3, "version": "7.10.7", "timestamp": "2025-10-12T05:01:49.966772", "branch_coverage": false, "show_contexts": false}, "files": {"modules/__init__.py": {"executed_lines": [1], "summary": {"covered_lines": 0, "num_statements": 0, "percent_covered": 100.0, "percent_covered_display": "100", "missing_lines": 0, "excluded_lines": 0}, "missing_lines": [], "excluded_lines": [], "functions": {"": {"executed_lines": [1], "summary": {"covered_lines": 0, "num_statements": 0, "percent_covered": 100.0, "percent_covered_display": "100", "missing_lines": 0, "excluded_lines": 0}, "missing_lines": [], "excluded_lines": []}}, "classes": {"": {"executed_lines": [1], "summary": {"covered_lines": 0, "num_statements": 0, "percent_covered": 100.0, "percent_covered_display": "100", "missing_lines": 0, "excluded_lines": 0}, "missing_lines": [], "excluded_lines": []}}}, "modules/ai_job_description_analysis/ai_analyzer.py": {"executed_lines": [1, 9, 10, 11, 12, 13, 14, 15, 16, 17, 18, 19, 23, 42, 45, 55, 58, 111, 156, 187, 251, 309, 310, 318, 323, 324, 325, 403, 445, 497, 525, 604, 621, 643, 841, 900, 948, 979, 996, 1018, 1024, 1025, 1029, 1060, 1091, 1139, 1160, 1178, 1215, 1230, 1265, 1281, 1313, 1322, 1374], "summary": {"covered_lines": 52, "num_statements": 475, "percent_covered": 10.947368421052632, "percent_covered_display": "11", "missing_lines": 423, "excluded_lines": 0}, "missing_lines": [25, 27, 30, 31, 33, 35, 36, 37, 38, 48, 49, 50, 51, 52, 65, 66, 68, 81, 82, 85, 86, 87, 88, 91, 93, 95, 96, 102, 105, 106, 108, 123, 125, 127, 130, 131, 132, 134, 136, 142, 144, 149, 150, 161, 162, 163, 166, 167, 168, 169, 170, 173, 174, 175, 178, 179, 182, 184, 191, 192, 195, 196, 197, 200, 201, 202, 204, 214, 215, 216, 219, 220, 221, 222, 223, 226, 227, 228, 231, 232, 233, 234, 235, 238, 239, 240, 243, 244, 245, 246, 248, 256, 259, 276, 277, 278, 279, 282, 283, 286, 287, 290, 291, 292, 294, 297, 298, 299, 301, 303, 304, 306, 328, 329, 330, 331, 332, 335, 336, 340, 341, 342, 345, 346, 348, 349, 352, 353, 356, 390, 399, 401, 415, 416, 418, 420, 423, 424, 426, 428, 431, 432, 433, 435, 437, 438, 439, 441, 442, 443, 447, 448, 450, 451, 454, 456, 457, 458, 459, 462, 478, 479, 480, 499, 503, 504, 506, 536, 537, 545, 546, 547, 548, 550, 552, 553, 561, 562, 563, 570, 572, 575, 578, 581, 584, 586, 594, 595, 596, 606, 608, 609, 610, 613, 614, 615, 616, 617, 619, 623, 628, 629, 630, 631, 633, 635, 636, 639, 641, 646, 647, 649, 650, 652, 653, 656, 665, 666, 669, 839, 845, 846, 848, 852, 867, 868, 869, 874, 875, 876, 877, 878, 879, 880, 882, 883, 885, 887, 888, 891, 892, 894, 895, 896, 898, 904, 906, 907, 909, 910, 911, 914, 915, 918, 921, 922, 925, 926, 927, 929, 930, 931, 932, 934, 938, 940, 941, 942, 943, 944, 945, 946, 951, 956, 957, 958, 961, 962, 963, 966, 967, 968, 969, 970, 973, 974, 975, 977, 982, 983, 986, 991, 992, 1000, 1001, 1003, 1005, 1020, 1021, 1030, 1031, 1034, 1035, 1036, 1037, 1038, 1039, 1040, 1041, 1042, 1043, 1057, 1058, 1062, 1063, 1066, 1068, 1069, 1072, 1080, 1081, 1082, 1102, 1104, 1106, 1107, 1112, 1115, 1116, 1117, 1118, 1119, 1122, 1123, 1126, 1128, 1135, 1136, 1137, 1142, 1153, 1154, 1155, 1156, 1157, 1158, 1164, 1167, 1168, 1171, 1174, 1176, 1180, 1181, 1183, 1186, 1187, 1190, 1191, 1192, 1193, 1195, 1204, 1205, 1206, 1217, 1218, 1220, 1222, 1223, 1225, 1227, 1228, 1232, 1233, 1236, 1238, 1267, 1269, 1271, 1272, 1274, 1276, 1277, 1279, 1283, 1284, 1285, 1287, 1289, 1292, 1294, 1296, 1298, 1300, 1303, 1306, 1308, 1310, 1311, 1315, 1316, 1317, 1318, 1324, 1326, 1327, 1329, 1331, 1341, 1342, 1354, 1360, 1361, 1363, 1364, 1365, 1366, 1368, 1380, 1381, 1382, 1383], "excluded_lines": [], "functions": {"_get_requests_module": {"executed_lines": [], "summary": {"covered_lines": 0, "num_statements": 9, "percent_covered": 0.0, "percent_covered_display": "0", "missing_lines": 9, "excluded_lines": 0}, "missing_lines": [25, 27, 30, 31, 33, 35, 36, 37, 38], "excluded_lines": []}, "_ensure_requests_loaded": {"executed_lines": [], "summary": {"covered_lines": 0, "num_statements": 5, "percent_covered": 0.0, "percent_covered_display": "0", "missing_lines": 5, "excluded_lines": 0}, "missing_lines": [48, 49, 50, 51, 52], "excluded_lines": []}, "sanitize_job_description": {"executed_lines": [], "summary": {"covered_lines": 0, "num_statements": 17, "percent_covered": 0.0, "percent_covered_display": "0", "missing_lines": 17, "excluded_lines": 0}, "missing_lines": [65, 66, 68, 81, 82, 85, 86, 87, 88, 91, 93, 95, 96, 102, 105, 106, 108], "excluded_lines": []}, "log_potential_injection": {"executed_lines": [], "summary": {"covered_lines": 0, "num_statements": 12, "percent_covered": 0.0, "percent_covered_display": "0", "missing_lines": 12, "excluded_lines": 0}, "missing_lines": [123, 125, 127, 130, 131, 132, 134, 136, 142, 144, 149, 150], "excluded_lines": []}, "validate_response": {"executed_lines": [], "summary": {"covered_lines": 0, "num_statements": 15, "percent_covered": 0.0, "percent_covered_display": "0", "missing_lines": 15, "excluded_lines": 0}, "missing_lines": [161, 162, 163, 166, 167, 168, 169, 170, 173, 174, 175, 178, 179, 182, 184], "excluded_lines": []}, "is_valid_json_structure": {"executed_lines": [], "summary": {"covered_lines": 0, "num_statements": 33, "percent_covered": 0.0, "percent_covered_display": "0", "missing_lines": 33, "excluded_lines": 0}, "missing_lines": [191, 192, 195, 196, 197, 200, 201, 202, 204, 214, 215, 216, 219, 220, 221, 222, 223, 226, 227, 228, 231, 232, 233, 234, 235, 238, 239, 240, 243, 244, 245, 246, 248], "excluded_lines": []}, "contains_non_job_content": {"executed_lines": [], "summary": {"covered_lines": 0, "num_statements": 21, "percent_covered": 0.0, "percent_covered_display": "0", "missing_lines": 21, "excluded_lines": 0}, "missing_lines": [256, 259, 276, 277, 278, 279, 282, 283, 286, 287, 290, 291, 292, 294, 297, 298, 299, 301, 303, 304, 306], "excluded_lines": []}, "GeminiJobAnalyzer.__init__": {"executed_lines": [323, 324, 325], "summary": {"covered_lines": 3, "num_statements": 23, "percent_covered": 13.043478260869565, "percent_covered_display": "13", "missing_lines": 20, "excluded_lines": 0}, "missing_lines": [328, 329, 330, 331, 332, 335, 336, 340, 341, 342, 345, 346, 348, 349, 352, 353, 356, 390, 399, 401], "excluded_lines": []}, "GeminiJobAnalyzer._ensure_genai_loaded": {"executed_lines": [], "summary": {"covered_lines": 0, "num_statements": 18, "percent_covered": 0.0, "percent_covered_display": "0", "missing_lines": 18, "excluded_lines": 0}, "missing_lines": [415, 416, 418, 420, 423, 424, 426, 428, 431, 432, 433, 435, 437, 438, 439, 441, 442, 443], "excluded_lines": []}, "GeminiJobAnalyzer._load_usage_stats": {"executed_lines": [], "summary": {"covered_lines": 0, "num_statements": 13, "percent_covered": 0.0, "percent_covered_display": "0", "missing_lines": 13, "excluded_lines": 0}, "missing_lines": [447, 448, 450, 451, 454, 456, 457, 458, 459, 462, 478, 479, 480], "excluded_lines": []}, "GeminiJobAnalyzer._get_usage_summary": {"executed_lines": [], "summary": {"covered_lines": 0, "num_statements": 4, "percent_covered": 0.0, "percent_covered_display": "0", "missing_lines": 4, "excluded_lines": 0}, "missing_lines": [499, 503, 504, 506], "excluded_lines": []}, "GeminiJobAnalyzer.analyze_jobs_batch": {"executed_lines": [], "summary": {"covered_lines": 0, "num_statements": 22, "percent_covered": 0.0, "percent_covered_display": "0", "missing_lines": 22, "excluded_lines": 0}, "missing_lines": [536, 537, 545, 546, 547, 548, 550, 552, 553, 561, 562, 563, 570, 572, 575, 578, 581, 584, 586, 594, 595, 596], "excluded_lines": []}, "GeminiJobAnalyzer._validate_job_data": {"executed_lines": [], "summary": {"covered_lines": 0, "num_statements": 10, "percent_covered": 0.0, "percent_covered_display": "0", "missing_lines": 10, "excluded_lines": 0}, "missing_lines": [606, 608, 609, 610, 613, 614, 615, 616, 617, 619], "excluded_lines": []}, "GeminiJobAnalyzer._check_usage_limits": {"executed_lines": [], "summary": {"covered_lines": 0, "num_statements": 10, "percent_covered": 0.0, "percent_covered_display": "0", "missing_lines": 10, "excluded_lines": 0}, "missing_lines": [623, 628, 629, 630, 631, 633, 635, 636, 639, 641], "excluded_lines": []}, "GeminiJobAnalyzer._create_batch_analysis_prompt": {"executed_lines": [], "summary": {"covered_lines": 0, "num_statements": 11, "percent_covered": 0.0, "percent_covered_display": "0", "missing_lines": 11, "excluded_lines": 0}, "missing_lines": [646, 647, 649, 650, 652, 653, 656, 665, 666, 669, 839], "excluded_lines": []}, "GeminiJobAnalyzer._make_gemini_request": {"executed_lines": [], "summary": {"covered_lines": 0, "num_statements": 25, "percent_covered": 0.0, "percent_covered_display": "0", "missing_lines": 25, "excluded_lines": 0}, "missing_lines": [845, 846, 848, 852, 867, 868, 869, 874, 875, 876, 877, 878, 879, 880, 882, 883, 885, 887, 888, 891, 892, 894, 895, 896, 898], "excluded_lines": []}, "GeminiJobAnalyzer._parse_batch_response": {"executed_lines": [], "summary": {"covered_lines": 0, "num_statements": 27, "percent_covered": 0.0, "percent_covered_display": "0", "missing_lines": 27, "excluded_lines": 0}, "missing_lines": [904, 906, 907, 909, 910, 911, 914, 915, 918, 921, 922, 925, 926, 927, 929, 930, 931, 932, 934, 938, 940, 941, 942, 943, 944, 945, 946], "excluded_lines": []}, "GeminiJobAnalyzer._validate_analysis_result": {"executed_lines": [], "summary": {"covered_lines": 0, "num_statements": 16, "percent_covered": 0.0, "percent_covered_display": "0", "missing_lines": 16, "excluded_lines": 0}, "missing_lines": [951, 956, 957, 958, 961, 962, 963, 966, 967, 968, 969, 970, 973, 974, 975, 977], "excluded_lines": []}, "GeminiJobAnalyzer._update_usage_stats": {"executed_lines": [], "summary": {"covered_lines": 0, "num_statements": 5, "percent_covered": 0.0, "percent_covered_display": "0", "missing_lines": 5, "excluded_lines": 0}, "missing_lines": [982, 983, 986, 991, 992], "excluded_lines": []}, "GeminiJobAnalyzer.get_usage_stats": {"executed_lines": [], "summary": {"covered_lines": 0, "num_statements": 4, "percent_covered": 0.0, "percent_covered_display": "0", "missing_lines": 4, "excluded_lines": 0}, "missing_lines": [1000, 1001, 1003, 1005], "excluded_lines": []}, "GeminiJobAnalyzer.reset_daily_usage": {"executed_lines": [], "summary": {"covered_lines": 0, "num_statements": 2, "percent_covered": 0.0, "percent_covered_display": "0", "missing_lines": 2, "excluded_lines": 0}, "missing_lines": [1020, 1021], "excluded_lines": []}, "JobAnalysisManager.__init__": {"executed_lines": [], "summary": {"covered_lines": 0, "num_statements": 14, "percent_covered": 0.0, "percent_covered_display": "0", "missing_lines": 14, "excluded_lines": 0}, "missing_lines": [1030, 1031, 1034, 1035, 1036, 1037, 1038, 1039, 1040, 1041, 1042, 1043, 1057, 1058], "excluded_lines": []}, "JobAnalysisManager._load_usage_stats": {"executed_lines": [], "summary": {"covered_lines": 0, "num_statements": 9, "percent_covered": 0.0, "percent_covered_display": "0", "missing_lines": 9, "excluded_lines": 0}, "missing_lines": [1062, 1063, 1066, 1068, 1069, 1072, 1080, 1081, 1082], "excluded_lines": []}, "JobAnalysisManager.analyze_pending_jobs": {"executed_lines": [], "summary": {"covered_lines": 0, "num_statements": 17, "percent_covered": 0.0, "percent_covered_display": "0", "missing_lines": 17, "excluded_lines": 0}, "missing_lines": [1102, 1104, 1106, 1107, 1112, 1115, 1116, 1117, 1118, 1119, 1122, 1123, 1126, 1128, 1135, 1136, 1137], "excluded_lines": []}, "JobAnalysisManager._get_unanalyzed_jobs": {"executed_lines": [], "summary": {"covered_lines": 0, "num_statements": 7, "percent_covered": 0.0, "percent_covered_display": "0", "missing_lines": 7, "excluded_lines": 0}, "missing_lines": [1142, 1153, 1154, 1155, 1156, 1157, 1158], "excluded_lines": []}, "JobAnalysisManager._save_analysis_results": {"executed_lines": [], "summary": {"covered_lines": 0, "num_statements": 6, "percent_covered": 0.0, "percent_covered_display": "0", "missing_lines": 6, "excluded_lines": 0}, "missing_lines": [1164, 1167, 1168, 1171, 1174, 1176], "excluded_lines": []}, "JobAnalysisManager._load_usage_stats_legacy": {"executed_lines": [], "summary": {"covered_lines": 0, "num_statements": 13, "percent_covered": 0.0, "percent_covered_display": "0", "missing_lines": 13, "excluded_lines": 0}, "missing_lines": [1180, 1181, 1183, 1186, 1187, 1190, 1191, 1192, 1193, 1195, 1204, 1205, 1206], "excluded_lines": []}, "JobAnalysisManager._save_usage_stats": {"executed_lines": [], "summary": {"covered_lines": 0, "num_statements": 8, "percent_covered": 0.0, "percent_covered_display": "0", "missing_lines": 8, "excluded_lines": 0}, "missing_lines": [1217, 1218, 1220, 1222, 1223, 1225, 1227, 1228], "excluded_lines": []}, "JobAnalysisManager._get_usage_summary": {"executed_lines": [], "summary": {"covered_lines": 0, "num_statements": 4, "percent_covered": 0.0, "percent_covered_display": "0", "missing_lines": 4, "excluded_lines": 0}, "missing_lines": [1232, 1233, 1236, 1238], "excluded_lines": []}, "JobAnalysisManager._check_usage_limits": {"executed_lines": [], "summary": {"covered_lines": 0, "num_statements": 8, "percent_covered": 0.0, "percent_covered_display": "0", "missing_lines": 8, "excluded_lines": 0}, "missing_lines": [1267, 1269, 1271, 1272, 1274, 1276, 1277, 1279], "excluded_lines": []}, "JobAnalysisManager._update_usage_stats": {"executed_lines": [], "summary": {"covered_lines": 0, "num_statements": 15, "percent_covered": 0.0, "percent_covered_display": "0", "missing_lines": 15, "excluded_lines": 0}, "missing_lines": [1283, 1284, 1285, 1287, 1289, 1292, 1294, 1296, 1298, 1300, 1303, 1306, 1308, 1310, 1311], "excluded_lines": []}, "JobAnalysisManager._switch_to_lite_model": {"executed_lines": [], "summary": {"covered_lines": 0, "num_statements": 4, "percent_covered": 0.0, "percent_covered_display": "0", "missing_lines": 4, "excluded_lines": 0}, "missing_lines": [1315, 1316, 1317, 1318], "excluded_lines": []}, "JobAnalysisManager._make_gemini_request": {"executed_lines": [], "summary": {"covered_lines": 0, "num_statements": 15, "percent_covered": 0.0, "percent_covered_display": "0", "missing_lines": 15, "excluded_lines": 0}, "missing_lines": [1324, 1326, 1327, 1329, 1331, 1341, 1342, 1354, 1360, 1361, 1363, 1364, 1365, 1366, 1368], "excluded_lines": []}, "generate_security_token": {"executed_lines": [], "summary": {"covered_lines": 0, "num_statements": 4, "percent_covered": 0.0, "percent_covered_display": "0", "missing_lines": 4, "excluded_lines": 0}, "missing_lines": [1380, 1381, 1382, 1383], "excluded_lines": []}, "": {"executed_lines": [1, 9, 10, 11, 12, 13, 14, 15, 16, 17, 18, 19, 23, 42, 45, 55, 58, 111, 156, 187, 251, 309, 310, 318, 403, 445, 497, 525, 604, 621, 643, 841, 900, 948, 979, 996, 1018, 1024, 1025, 1029, 1060, 1091, 1139, 1160, 1178, 1215, 1230, 1265, 1281, 1313, 1322, 1374], "summary": {"covered_lines": 49, "num_statements": 49, "percent_covered": 100.0, "percent_covered_display": "100", "missing_lines": 0, "excluded_lines": 0}, "missing_lines": [], "excluded_lines": []}}, "classes": {"GeminiJobAnalyzer": {"executed_lines": [323, 324, 325], "summary": {"covered_lines": 3, "num_statements": 190, "percent_covered": 1.5789473684210527, "percent_covered_display": "2", "missing_lines": 187, "excluded_lines": 0}, "missing_lines": [328, 329, 330, 331, 332, 335, 336, 340, 341, 342, 345, 346, 348, 349, 352, 353, 356, 390, 399, 401, 415, 416, 418, 420, 423, 424, 426, 428, 431, 432, 433, 435, 437, 438, 439, 441, 442, 443, 447, 448, 450, 451, 454, 456, 457, 458, 459, 462, 478, 479, 480, 499, 503, 504, 506, 536, 537, 545, 546, 547, 548, 550, 552, 553, 561, 562, 563, 570, 572, 575, 578, 581, 584, 586, 594, 595, 596, 606, 608, 609, 610, 613, 614, 615, 616, 617, 619, 623, 628, 629, 630, 631, 633, 635, 636, 639, 641, 646, 647, 649, 650, 652, 653, 656, 665, 666, 669, 839, 845, 846, 848, 852, 867, 868, 869, 874, 875, 876, 877, 878, 879, 880, 882, 883, 885, 887, 888, 891, 892, 894, 895, 896, 898, 904, 906, 907, 909, 910, 911, 914, 915, 918, 921, 922, 925, 926, 927, 929, 930, 931, 932, 934, 938, 940, 941, 942, 943, 944, 945, 946, 951, 956, 957, 958, 961, 962, 963, 966, 967, 968, 969, 970, 973, 974, 975, 977, 982, 983, 986, 991, 992, 1000, 1001, 1003, 1005, 1020, 1021], "excluded_lines": []}, "JobAnalysisManager": {"executed_lines": [], "summary": {"covered_lines": 0, "num_statements": 120, "percent_covered": 0.0, "percent_covered_display": "0", "missing_lines": 120, "excluded_lines": 0}, "missing_lines": [1030, 1031, 1034, 1035, 1036, 1037, 1038, 1039, 1040, 1041, 1042, 1043, 1057, 1058, 1062, 1063, 1066, 1068, 1069, 1072, 1080, 1081, 1082, 1102, 1104, 1106, 1107, 1112, 1115, 1116, 1117, 1118, 1119, 1122, 1123, 1126, 1128, 1135, 1136, 1137, 1142, 1153, 1154, 1155, 1156, 1157, 1158, 1164, 1167, 1168, 1171, 1174, 1176, 1180, 1181, 1183, 1186, 1187, 1190, 1191, 1192, 1193, 1195, 1204, 1205, 1206, 1217, 1218, 1220, 1222, 1223, 1225, 1227, 1228, 1232, 1233, 1236, 1238, 1267, 1269, 1271, 1272, 1274, 1276, 1277, 1279, 1283, 1284, 1285, 1287, 1289, 1292, 1294, 1296, 1298, 1300, 1303, 1306, 1308, 1310, 1311, 1315, 1316, 1317, 1318, 1324, 1326, 1327, 1329, 1331, 1341, 1342, 1354, 1360, 1361, 1363, 1364, 1365, 1366, 1368], "excluded_lines": []}, "": {"executed_lines": [1, 9, 10, 11, 12, 13, 14, 15, 16, 17, 18, 19, 23, 42, 45, 55, 58, 111, 156, 187, 251, 309, 310, 318, 403, 445, 497, 525, 604, 621, 643, 841, 900, 948, 979, 996, 1018, 1024, 1025, 1029, 1060, 1091, 1139, 1160, 1178, 1215, 1230, 1265, 1281, 1313, 1322, 1374], "summary": {"covered_lines": 49, "num_statements": 165, "percent_covered": 29.696969696969695, "percent_covered_display": "30", "missing_lines": 116, "excluded_lines": 0}, "missing_lines": [25, 27, 30, 31, 33, 35, 36, 37, 38, 48, 49, 50, 51, 52, 65, 66, 68, 81, 82, 85, 86, 87, 88, 91, 93, 95, 96, 102, 105, 106, 108, 123, 125, 127, 130, 131, 132, 134, 136, 142, 144, 149, 150, 161, 162, 163, 166, 167, 168, 169, 170, 173, 174, 175, 178, 179, 182, 184, 191, 192, 195, 196, 197, 200, 201, 202, 204, 214, 215, 216, 219, 220, 221, 222, 223, 226, 227, 228, 231, 232, 233, 234, 235, 238, 239, 240, 243, 244, 245, 246, 248, 256, 259, 276, 277, 278, 279, 282, 283, 286, 287, 290, 291, 292, 294, 297, 298, 299, 301, 303, 304, 306, 1380, 1381, 1382, 1383], "excluded_lines": []}}}, "modules/ai_job_description_analysis/api_routes_tiered.py": {"executed_lines": [1, 14, 15, 16, 17, 18, 23, 26, 29, 31, 32, 33, 35, 39, 42, 44, 46, 47, 48, 49, 53, 55, 58, 59, 60, 82, 83, 84, 85, 87, 90, 100, 101, 102, 109, 110, 111, 123, 124, 125, 126, 128, 130, 136, 137, 138, 145, 146, 147, 159, 160, 161, 162, 164, 166, 172, 173, 174, 181, 182, 183, 231, 232, 234, 235, 236, 238, 239, 240, 242, 248, 265, 266, 267, 273, 274, 275, 289, 290, 293, 294, 295, 301, 302, 303, 408, 409, 420, 429, 430, 438, 439, 447, 448, 459], "summary": {"covered_lines": 94, "num_statements": 134, "percent_covered": 70.14925373134328, "percent_covered_display": "70", "missing_lines": 40, "excluded_lines": 1}, "missing_lines": [36, 37, 93, 96, 98, 131, 132, 134, 167, 168, 170, 255, 261, 263, 291, 329, 330, 332, 335, 345, 348, 358, 361, 371, 374, 375, 376, 383, 384, 391, 398, 400, 401, 402, 432, 441, 450, 451, 469, 470], "excluded_lines": [184], "functions": {"validate_api_key": {"executed_lines": [31, 32, 33, 35, 39], "summary": {"covered_lines": 5, "num_statements": 7, "percent_covered": 71.42857142857143, "percent_covered_display": "71", "missing_lines": 2, "excluded_lines": 0}, "missing_lines": [36, 37], "excluded_lines": []}, "require_api_key": {"executed_lines": [44, 46, 47, 55], "summary": {"covered_lines": 4, "num_statements": 4, "percent_covered": 100.0, "percent_covered_display": "100", "missing_lines": 0, "excluded_lines": 0}, "missing_lines": [], "excluded_lines": []}, "require_api_key.decorated_function": {"executed_lines": [48, 49, 53], "summary": {"covered_lines": 3, "num_statements": 3, "percent_covered": 100.0, "percent_covered_display": "100", "missing_lines": 0, "excluded_lines": 0}, "missing_lines": [], "excluded_lines": []}, "run_tier1_analysis": {"executed_lines": [82, 83, 84, 85, 87, 90, 100, 101, 102], "summary": {"covered_lines": 9, "num_statements": 12, "percent_covered": 75.0, "percent_covered_display": "75", "missing_lines": 3, "excluded_lines": 0}, "missing_lines": [93, 96, 98], "excluded_lines": []}, "run_tier2_analysis": {"executed_lines": [123, 124, 125, 126, 128, 130, 136, 137, 138], "summary": {"covered_lines": 9, "num_statements": 12, "percent_covered": 75.0, "percent_covered_display": "75", "missing_lines": 3, "excluded_lines": 0}, "missing_lines": [131, 132, 134], "excluded_lines": []}, "run_tier3_analysis": {"executed_lines": [159, 160, 161, 162, 164, 166, 172, 173, 174], "summary": {"covered_lines": 9, "num_statements": 12, "percent_covered": 75.0, "percent_covered_display": "75", "missing_lines": 3, "excluded_lines": 0}, "missing_lines": [167, 168, 170], "excluded_lines": []}, "run_sequential_batch": {"executed_lines": [231, 232, 234, 235, 236, 238, 239, 240, 242, 248, 265, 266, 267], "summary": {"covered_lines": 13, "num_statements": 16, "percent_covered": 81.25, "percent_covered_display": "81", "missing_lines": 3, "excluded_lines": 1}, "missing_lines": [255, 261, 263], "excluded_lines": [184]}, "get_pipeline_status": {"executed_lines": [289, 290, 293, 294, 295], "summary": {"covered_lines": 5, "num_statements": 6, "percent_covered": 83.33333333333333, "percent_covered_display": "83", "missing_lines": 1, "excluded_lines": 0}, "missing_lines": [291], "excluded_lines": []}, "get_tier_statistics": {"executed_lines": [], "summary": {"covered_lines": 0, "num_statements": 15, "percent_covered": 0.0, "percent_covered_display": "0", "missing_lines": 15, "excluded_lines": 0}, "missing_lines": [329, 330, 332, 335, 345, 348, 358, 361, 371, 374, 391, 398, 400, 401, 402], "excluded_lines": []}, "get_tier_statistics.format_tier_stats": {"executed_lines": [], "summary": {"covered_lines": 0, "num_statements": 4, "percent_covered": 0.0, "percent_covered_display": "0", "missing_lines": 4, "excluded_lines": 0}, "missing_lines": [375, 376, 383, 384], "excluded_lines": []}, "health_check": {"executed_lines": [420], "summary": {"covered_lines": 1, "num_statements": 1, "percent_covered": 100.0, "percent_covered_display": "100", "missing_lines": 0, "excluded_lines": 0}, "missing_lines": [], "excluded_lines": []}, "bad_request": {"executed_lines": [], "summary": {"covered_lines": 0, "num_statements": 1, "percent_covered": 0.0, "percent_covered_display": "0", "missing_lines": 1, "excluded_lines": 0}, "missing_lines": [432], "excluded_lines": []}, "unauthorized": {"executed_lines": [], "summary": {"covered_lines": 0, "num_statements": 1, "percent_covered": 0.0, "percent_covered_display": "0", "missing_lines": 1, "excluded_lines": 0}, "missing_lines": [441], "excluded_lines": []}, "internal_error": {"executed_lines": [], "summary": {"covered_lines": 0, "num_statements": 2, "percent_covered": 0.0, "percent_covered_display": "0", "missing_lines": 2, "excluded_lines": 0}, "missing_lines": [450, 451], "excluded_lines": []}, "register_tiered_analysis_routes": {"executed_lines": [], "summary": {"covered_lines": 0, "num_statements": 2, "percent_covered": 0.0, "percent_covered_display": "0", "missing_lines": 2, "excluded_lines": 0}, "missing_lines": [469, 470], "excluded_lines": []}, "": {"executed_lines": [1, 14, 15, 16, 17, 18, 23, 26, 29, 42, 58, 59, 60, 109, 110, 111, 145, 146, 147, 181, 182, 183, 273, 274, 275, 301, 302, 303, 408, 409, 429, 430, 438, 439, 447, 448, 459], "summary": {"covered_lines": 36, "num_statements": 36, "percent_covered": 100.0, "percent_covered_display": "100", "missing_lines": 0, "excluded_lines": 0}, "missing_lines": [], "excluded_lines": []}}, "classes": {"": {"executed_lines": [1, 14, 15, 16, 17, 18, 23, 26, 29, 31, 32, 33, 35, 39, 42, 44, 46, 47, 48, 49, 53, 55, 58, 59, 60, 82, 83, 84, 85, 87, 90, 100, 101, 102, 109, 110, 111, 123, 124, 125, 126, 128, 130, 136, 137, 138, 145, 146, 147, 159, 160, 161, 162, 164, 166, 172, 173, 174, 181, 182, 183, 231, 232, 234, 235, 236, 238, 239, 240, 242, 248, 265, 266, 267, 273, 274, 275, 289, 290, 293, 294, 295, 301, 302, 303, 408, 409, 420, 429, 430, 438, 439, 447, 448, 459], "summary": {"covered_lines": 94, "num_statements": 134, "percent_covered": 70.14925373134328, "percent_covered_display": "70", "missing_lines": 40, "excluded_lines": 1}, "missing_lines": [36, 37, 93, 96, 98, 131, 132, 134, 167, 168, 170, 255, 261, 263, 291, 329, 330, 332, 335, 345, 348, 358, 361, 371, 374, 375, 376, 383, 384, 391, 398, 400, 401, 402, 432, 441, 450, 451, 469, 470], "excluded_lines": [184]}}}, "modules/ai_job_description_analysis/prompts/tier1_core_prompt.py": {"executed_lines": [1, 12, 13, 19, 169], "summary": {"covered_lines": 4, "num_statements": 16, "percent_covered": 25.0, "percent_covered_display": "25", "missing_lines": 12, "excluded_lines": 0}, "missing_lines": [34, 35, 37, 38, 40, 41, 43, 52, 53, 56, 166, 174], "excluded_lines": [], "functions": {"create_tier1_core_prompt": {"executed_lines": [], "summary": {"covered_lines": 0, "num_statements": 11, "percent_covered": 0.0, "percent_covered_display": "0", "missing_lines": 11, "excluded_lines": 0}, "missing_lines": [34, 35, 37, 38, 40, 41, 43, 52, 53, 56, 166], "excluded_lines": []}, "create_tier1_single_job_prompt": {"executed_lines": [], "summary": {"covered_lines": 0, "num_statements": 1, "percent_covered": 0.0, "percent_covered_display": "0", "missing_lines": 1, "excluded_lines": 0}, "missing_lines": [174], "excluded_lines": []}, "": {"executed_lines": [1, 12, 13, 19, 169], "summary": {"covered_lines": 4, "num_statements": 4, "percent_covered": 100.0, "percent_covered_display": "100", "missing_lines": 0, "excluded_lines": 0}, "missing_lines": [], "excluded_lines": []}}, "classes": {"": {"executed_lines": [1, 12, 13, 19, 169], "summary": {"covered_lines": 4, "num_statements": 16, "percent_covered": 25.0, "percent_covered_display": "25", "missing_lines": 12, "excluded_lines": 0}, "missing_lines": [34, 35, 37, 38, 40, 41, 43, 52, 53, 56, 166, 174], "excluded_lines": []}}}, "modules/ai_job_description_analysis/prompts/tier2_enhanced_prompt.py": {"executed_lines": [1, 13, 14, 15, 21, 135], "summary": {"covered_lines": 5, "num_statements": 18, "percent_covered": 27.77777777777778, "percent_covered_display": "28", "missing_lines": 13, "excluded_lines": 0}, "missing_lines": [38, 39, 40, 41, 44, 45, 48, 55, 70, 71, 74, 132, 140], "excluded_lines": [], "functions": {"create_tier2_enhanced_prompt": {"executed_lines": [], "summary": {"covered_lines": 0, "num_statements": 12, "percent_covered": 0.0, "percent_covered_display": "0", "missing_lines": 12, "excluded_lines": 0}, "missing_lines": [38, 39, 40, 41, 44, 45, 48, 55, 70, 71, 74, 132], "excluded_lines": []}, "create_tier2_single_job_prompt": {"executed_lines": [], "summary": {"covered_lines": 0, "num_statements": 1, "percent_covered": 0.0, "percent_covered_display": "0", "missing_lines": 1, "excluded_lines": 0}, "missing_lines": [140], "excluded_lines": []}, "": {"executed_lines": [1, 13, 14, 15, 21, 135], "summary": {"covered_lines": 5, "num_statements": 5, "percent_covered": 100.0, "percent_covered_display": "100", "missing_lines": 0, "excluded_lines": 0}, "missing_lines": [], "excluded_lines": []}}, "classes": {"": {"executed_lines": [1, 13, 14, 15, 21, 135], "summary": {"covered_lines": 5, "num_statements": 18, "percent_covered": 27.77777777777778, "percent_covered_display": "28", "missing_lines": 13, "excluded_lines": 0}, "missing_lines": [38, 39, 40, 41, 44, 45, 48, 55, 70, 71, 74, 132, 140], "excluded_lines": []}}}, "modules/ai_job_description_analysis/prompts/tier3_strategic_prompt.py": {"executed_lines": [1, 13, 14, 15, 21, 157], "summary": {"covered_lines": 5, "num_statements": 19, "percent_covered": 26.31578947368421, "percent_covered_display": "26", "missing_lines": 14, "excluded_lines": 0}, "missing_lines": [39, 40, 41, 42, 43, 46, 47, 50, 59, 76, 77, 80, 154, 162], "excluded_lines": [], "functions": {"create_tier3_strategic_prompt": {"executed_lines": [], "summary": {"covered_lines": 0, "num_statements": 13, "percent_covered": 0.0, "percent_covered_display": "0", "missing_lines": 13, "excluded_lines": 0}, "missing_lines": [39, 40, 41, 42, 43, 46, 47, 50, 59, 76, 77, 80, 154], "excluded_lines": []}, "create_tier3_single_job_prompt": {"executed_lines": [], "summary": {"covered_lines": 0, "num_statements": 1, "percent_covered": 0.0, "percent_covered_display": "0", "missing_lines": 1, "excluded_lines": 0}, "missing_lines": [162], "excluded_lines": []}, "": {"executed_lines": [1, 13, 14, 15, 21, 157], "summary": {"covered_lines": 5, "num_statements": 5, "percent_covered": 100.0, "percent_covered_display": "100", "missing_lines": 0, "excluded_lines": 0}, "missing_lines": [], "excluded_lines": []}}, "classes": {"": {"executed_lines": [1, 13, 14, 15, 21, 157], "summary": {"covered_lines": 5, "num_statements": 19, "percent_covered": 26.31578947368421, "percent_covered_display": "26", "missing_lines": 14, "excluded_lines": 0}, "missing_lines": [39, 40, 41, 42, 43, 46, 47, 50, 59, 76, 77, 80, 154, 162], "excluded_lines": []}}}, "modules/ai_job_description_analysis/sequential_batch_scheduler.py": {"executed_lines": [1, 17, 18, 19, 20, 21, 22, 23, 24, 26, 29, 30, 45, 46, 48, 49, 51, 52, 54, 72, 75, 90, 98, 106, 114, 129, 169, 209, 249, 272, 343, 392, 439, 441, 445, 451, 457, 467, 469, 473], "summary": {"covered_lines": 38, "num_statements": 187, "percent_covered": 20.32085561497326, "percent_covered_display": "20", "missing_lines": 149, "excluded_lines": 0}, "missing_lines": [76, 77, 79, 80, 82, 83, 84, 85, 86, 87, 88, 92, 93, 95, 96, 100, 101, 103, 104, 108, 109, 111, 112, 121, 122, 123, 124, 125, 126, 127, 140, 143, 144, 146, 147, 148, 156, 159, 160, 162, 167, 180, 183, 184, 186, 187, 188, 196, 199, 200, 202, 207, 220, 223, 224, 226, 227, 228, 236, 239, 240, 242, 247, 259, 261, 262, 263, 265, 266, 267, 268, 269, 270, 295, 296, 299, 302, 305, 308, 310, 335, 341, 350, 351, 360, 362, 363, 370, 371, 380, 382, 383, 384, 402, 406, 407, 408, 409, 412, 414, 415, 417, 418, 426, 428, 429, 430, 431, 432, 434, 442, 447, 448, 453, 454, 463, 464, 470, 475, 477, 478, 480, 481, 482, 483, 484, 485, 486, 487, 489, 490, 491, 493, 494, 495, 497, 498, 499, 501, 502, 503, 504, 505, 506, 508, 509, 510, 513, 515], "excluded_lines": [], "functions": {"SequentialBatchScheduler.__init__": {"executed_lines": [72, 75], "summary": {"covered_lines": 2, "num_statements": 13, "percent_covered": 15.384615384615385, "percent_covered_display": "15", "missing_lines": 11, "excluded_lines": 0}, "missing_lines": [76, 77, 79, 80, 82, 83, 84, 85, 86, 87, 88], "excluded_lines": []}, "SequentialBatchScheduler.is_in_tier1_window": {"executed_lines": [], "summary": {"covered_lines": 0, "num_statements": 4, "percent_covered": 0.0, "percent_covered_display": "0", "missing_lines": 4, "excluded_lines": 0}, "missing_lines": [92, 93, 95, 96], "excluded_lines": []}, "SequentialBatchScheduler.is_in_tier2_window": {"executed_lines": [], "summary": {"covered_lines": 0, "num_statements": 4, "percent_covered": 0.0, "percent_covered_display": "0", "missing_lines": 4, "excluded_lines": 0}, "missing_lines": [100, 101, 103, 104], "excluded_lines": []}, "SequentialBatchScheduler.is_in_tier3_window": {"executed_lines": [], "summary": {"covered_lines": 0, "num_statements": 4, "percent_covered": 0.0, "percent_covered_display": "0", "missing_lines": 4, "excluded_lines": 0}, "missing_lines": [108, 109, 111, 112], "excluded_lines": []}, "SequentialBatchScheduler.get_active_tier": {"executed_lines": [], "summary": {"covered_lines": 0, "num_statements": 7, "percent_covered": 0.0, "percent_covered_display": "0", "missing_lines": 7, "excluded_lines": 0}, "missing_lines": [121, 122, 123, 124, 125, 126, 127], "excluded_lines": []}, "SequentialBatchScheduler.run_tier1_batch": {"executed_lines": [], "summary": {"covered_lines": 0, "num_statements": 11, "percent_covered": 0.0, "percent_covered_display": "0", "missing_lines": 11, "excluded_lines": 0}, "missing_lines": [140, 143, 144, 146, 147, 148, 156, 159, 160, 162, 167], "excluded_lines": []}, "SequentialBatchScheduler.run_tier2_batch": {"executed_lines": [], "summary": {"covered_lines": 0, "num_statements": 11, "percent_covered": 0.0, "percent_covered_display": "0", "missing_lines": 11, "excluded_lines": 0}, "missing_lines": [180, 183, 184, 186, 187, 188, 196, 199, 200, 202, 207], "excluded_lines": []}, "SequentialBatchScheduler.run_tier3_batch": {"executed_lines": [], "summary": {"covered_lines": 0, "num_statements": 11, "percent_covered": 0.0, "percent_covered_display": "0", "missing_lines": 11, "excluded_lines": 0}, "missing_lines": [220, 223, 224, 226, 227, 228, 236, 239, 240, 242, 247], "excluded_lines": []}, "SequentialBatchScheduler.run_scheduled_tier": {"executed_lines": [], "summary": {"covered_lines": 0, "num_statements": 10, "percent_covered": 0.0, "percent_covered_display": "0", "missing_lines": 10, "excluded_lines": 0}, "missing_lines": [259, 261, 262, 263, 265, 266, 267, 268, 269, 270], "excluded_lines": []}, "SequentialBatchScheduler.run_full_sequential_batch": {"executed_lines": [], "summary": {"covered_lines": 0, "num_statements": 9, "percent_covered": 0.0, "percent_covered_display": "0", "missing_lines": 9, "excluded_lines": 0}, "missing_lines": [295, 296, 299, 302, 305, 308, 310, 335, 341], "excluded_lines": []}, "SequentialBatchScheduler.get_processing_status": {"executed_lines": [], "summary": {"covered_lines": 0, "num_statements": 11, "percent_covered": 0.0, "percent_covered_display": "0", "missing_lines": 11, "excluded_lines": 0}, "missing_lines": [350, 351, 360, 362, 363, 370, 371, 380, 382, 383, 384], "excluded_lines": []}, "SequentialBatchScheduler.run_continuous_scheduler": {"executed_lines": [], "summary": {"covered_lines": 0, "num_statements": 17, "percent_covered": 0.0, "percent_covered_display": "0", "missing_lines": 17, "excluded_lines": 0}, "missing_lines": [402, 406, 407, 408, 409, 412, 414, 415, 417, 418, 426, 428, 429, 430, 431, 432, 434], "excluded_lines": []}, "run_tier1_now": {"executed_lines": [441], "summary": {"covered_lines": 1, "num_statements": 2, "percent_covered": 50.0, "percent_covered_display": "50", "missing_lines": 1, "excluded_lines": 0}, "missing_lines": [442], "excluded_lines": []}, "run_tier2_now": {"executed_lines": [], "summary": {"covered_lines": 0, "num_statements": 2, "percent_covered": 0.0, "percent_covered_display": "0", "missing_lines": 2, "excluded_lines": 0}, "missing_lines": [447, 448], "excluded_lines": []}, "run_tier3_now": {"executed_lines": [], "summary": {"covered_lines": 0, "num_statements": 2, "percent_covered": 0.0, "percent_covered_display": "0", "missing_lines": 2, "excluded_lines": 0}, "missing_lines": [453, 454], "excluded_lines": []}, "run_all_tiers_now": {"executed_lines": [], "summary": {"covered_lines": 0, "num_statements": 2, "percent_covered": 0.0, "percent_covered_display": "0", "missing_lines": 2, "excluded_lines": 0}, "missing_lines": [463, 464], "excluded_lines": []}, "get_status": {"executed_lines": [469], "summary": {"covered_lines": 1, "num_statements": 2, "percent_covered": 50.0, "percent_covered_display": "50", "missing_lines": 1, "excluded_lines": 0}, "missing_lines": [470], "excluded_lines": []}, "": {"executed_lines": [1, 17, 18, 19, 20, 21, 22, 23, 24, 26, 29, 30, 45, 46, 48, 49, 51, 52, 54, 90, 98, 106, 114, 129, 169, 209, 249, 272, 343, 392, 439, 445, 451, 457, 467, 473], "summary": {"covered_lines": 34, "num_statements": 65, "percent_covered": 52.30769230769231, "percent_covered_display": "52", "missing_lines": 31, "excluded_lines": 0}, "missing_lines": [475, 477, 478, 480, 481, 482, 483, 484, 485, 486, 487, 489, 490, 491, 493, 494, 495, 497, 498, 499, 501, 502, 503, 504, 505, 506, 508, 509, 510, 513, 515], "excluded_lines": []}}, "classes": {"SequentialBatchScheduler": {"executed_lines": [72, 75], "summary": {"covered_lines": 2, "num_statements": 112, "percent_covered": 1.7857142857142858, "percent_covered_display": "2", "missing_lines": 110, "excluded_lines": 0}, "missing_lines": [76, 77, 79, 80, 82, 83, 84, 85, 86, 87, 88, 92, 93, 95, 96, 100, 101, 103, 104, 108, 109, 111, 112, 121, 122, 123, 124, 125, 126, 127, 140, 143, 144, 146, 147, 148, 156, 159, 160, 162, 167, 180, 183, 184, 186, 187, 188, 196, 199, 200, 202, 207, 220, 223, 224, 226, 227, 228, 236, 239, 240, 242, 247, 259, 261, 262, 263, 265, 266, 267, 268, 269, 270, 295, 296, 299, 302, 305, 308, 310, 335, 341, 350, 351, 360, 362, 363, 370, 371, 380, 382, 383, 384, 402, 406, 407, 408, 409, 412, 414, 415, 417, 418, 426, 428, 429, 430, 431, 432, 434], "excluded_lines": []}, "": {"executed_lines": [1, 17, 18, 19, 20, 21, 22, 23, 24, 26, 29, 30, 45, 46, 48, 49, 51, 52, 54, 90, 98, 106, 114, 129, 169, 209, 249, 272, 343, 392, 439, 441, 445, 451, 457, 467, 469, 473], "summary": {"covered_lines": 36, "num_statements": 75, "percent_covered": 48.0, "percent_covered_display": "48", "missing_lines": 39, "excluded_lines": 0}, "missing_lines": [442, 447, 448, 453, 454, 463, 464, 470, 475, 477, 478, 480, 481, 482, 483, 484, 485, 486, 487, 489, 490, 491, 493, 494, 495, 497, 498, 499, 501, 502, 503, 504, 505, 506, 508, 509, 510, 513, 515], "excluded_lines": []}}}, "modules/ai_job_description_analysis/tier1_analyzer.py": {"executed_lines": [1, 13, 14, 15, 16, 17, 18, 19, 20, 22, 25, 26, 34, 42, 51, 129, 182, 238, 313, 349], "summary": {"covered_lines": 18, "num_statements": 130, "percent_covered": 13.846153846153847, "percent_covered_display": "14", "missing_lines": 112, "excluded_lines": 0}, "missing_lines": [43, 44, 47, 48, 49, 74, 76, 78, 81, 84, 87, 89, 90, 93, 94, 97, 104, 109, 119, 120, 121, 139, 141, 142, 144, 145, 146, 149, 150, 152, 153, 154, 157, 160, 161, 162, 163, 164, 167, 168, 169, 170, 172, 174, 175, 176, 177, 178, 179, 180, 202, 204, 218, 220, 227, 229, 230, 232, 234, 235, 236, 257, 259, 260, 268, 269, 271, 272, 274, 276, 277, 278, 279, 282, 284, 285, 286, 287, 289, 291, 292, 293, 294, 297, 298, 301, 302, 303, 305, 306, 307, 309, 311, 323, 324, 332, 334, 335, 337, 338, 345, 346, 347, 359, 360, 369, 371, 372, 374, 376, 377, 378], "excluded_lines": [], "functions": {"Tier1CoreAnalyzer.__init__": {"executed_lines": [42], "summary": {"covered_lines": 1, "num_statements": 6, "percent_covered": 16.666666666666668, "percent_covered_display": "17", "missing_lines": 5, "excluded_lines": 0}, "missing_lines": [43, 44, 47, 48, 49], "excluded_lines": []}, "Tier1CoreAnalyzer.analyze_job": {"executed_lines": [], "summary": {"covered_lines": 0, "num_statements": 16, "percent_covered": 0.0, "percent_covered_display": "0", "missing_lines": 16, "excluded_lines": 0}, "missing_lines": [74, 76, 78, 81, 84, 87, 89, 90, 93, 94, 97, 104, 109, 119, 120, 121], "excluded_lines": []}, "Tier1CoreAnalyzer._parse_tier1_response": {"executed_lines": [], "summary": {"covered_lines": 0, "num_statements": 29, "percent_covered": 0.0, "percent_covered_display": "0", "missing_lines": 29, "excluded_lines": 0}, "missing_lines": [139, 141, 142, 144, 145, 146, 149, 150, 152, 153, 154, 157, 160, 161, 162, 163, 164, 167, 168, 169, 170, 172, 174, 175, 176, 177, 178, 179, 180], "excluded_lines": []}, "Tier1CoreAnalyzer._store_tier1_results": {"executed_lines": [], "summary": {"covered_lines": 0, "num_statements": 11, "percent_covered": 0.0, "percent_covered_display": "0", "missing_lines": 11, "excluded_lines": 0}, "missing_lines": [202, 204, 218, 220, 227, 229, 230, 232, 234, 235, 236], "excluded_lines": []}, "Tier1CoreAnalyzer.batch_analyze": {"executed_lines": [], "summary": {"covered_lines": 0, "num_statements": 32, "percent_covered": 0.0, "percent_covered_display": "0", "missing_lines": 32, "excluded_lines": 0}, "missing_lines": [257, 259, 260, 268, 269, 271, 272, 274, 276, 277, 278, 279, 282, 284, 285, 286, 287, 289, 291, 292, 293, 294, 297, 298, 301, 302, 303, 305, 306, 307, 309, 311], "excluded_lines": []}, "Tier1CoreAnalyzer._get_job_data": {"executed_lines": [], "summary": {"covered_lines": 0, "num_statements": 10, "percent_covered": 0.0, "percent_covered_display": "0", "missing_lines": 10, "excluded_lines": 0}, "missing_lines": [323, 324, 332, 334, 335, 337, 338, 345, 346, 347], "excluded_lines": []}, "Tier1CoreAnalyzer.get_unanalyzed_jobs": {"executed_lines": [], "summary": {"covered_lines": 0, "num_statements": 9, "percent_covered": 0.0, "percent_covered_display": "0", "missing_lines": 9, "excluded_lines": 0}, "missing_lines": [359, 360, 369, 371, 372, 374, 376, 377, 378], "excluded_lines": []}, "": {"executed_lines": [1, 13, 14, 15, 16, 17, 18, 19, 20, 22, 25, 26, 34, 51, 129, 182, 238, 313, 349], "summary": {"covered_lines": 17, "num_statements": 17, "percent_covered": 100.0, "percent_covered_display": "100", "missing_lines": 0, "excluded_lines": 0}, "missing_lines": [], "excluded_lines": []}}, "classes": {"Tier1CoreAnalyzer": {"executed_lines": [42], "summary": {"covered_lines": 1, "num_statements": 113, "percent_covered": 0.8849557522123894, "percent_covered_display": "1", "missing_lines": 112, "excluded_lines": 0}, "missing_lines": [43, 44, 47, 48, 49, 74, 76, 78, 81, 84, 87, 89, 90, 93, 94, 97, 104, 109, 119, 120, 121, 139, 141, 142, 144, 145, 146, 149, 150, 152, 153, 154, 157, 160, 161, 162, 163, 164, 167, 168, 169, 170, 172, 174, 175, 176, 177, 178, 179, 180, 202, 204, 218, 220, 227, 229, 230, 232, 234, 235, 236, 257, 259, 260, 268, 269, 271, 272, 274, 276, 277, 278, 279, 282, 284, 285, 286, 287, 289, 291, 292, 293, 294, 297, 298, 301, 302, 303, 305, 306, 307, 309, 311, 323, 324, 332, 334, 335, 337, 338, 345, 346, 347, 359, 360, 369, 371, 372, 374, 376, 377, 378], "excluded_lines": []}, "": {"executed_lines": [1, 13, 14, 15, 16, 17, 18, 19, 20, 22, 25, 26, 34, 51, 129, 182, 238, 313, 349], "summary": {"covered_lines": 17, "num_statements": 17, "percent_covered": 100.0, "percent_covered_display": "100", "missing_lines": 0, "excluded_lines": 0}, "missing_lines": [], "excluded_lines": []}}}, "modules/ai_job_description_analysis/tier2_analyzer.py": {"executed_lines": [1, 13, 14, 15, 16, 17, 18, 19, 20, 22, 25, 26, 35, 52, 121, 165, 204, 278, 306, 338], "summary": {"covered_lines": 18, "num_statements": 147, "percent_covered": 12.244897959183673, "percent_covered_display": "12", "missing_lines": 129, "excluded_lines": 0}, "missing_lines": [43, 44, 45, 48, 49, 50, 63, 65, 67, 73, 76, 79, 81, 82, 85, 86, 89, 96, 101, 111, 112, 113, 123, 125, 126, 128, 129, 130, 133, 134, 136, 137, 138, 141, 144, 145, 146, 147, 148, 151, 152, 153, 154, 156, 158, 159, 160, 161, 162, 163, 173, 175, 185, 187, 193, 195, 196, 198, 200, 201, 202, 216, 218, 219, 227, 228, 230, 231, 233, 234, 236, 237, 238, 239, 241, 242, 243, 244, 247, 249, 250, 251, 252, 254, 256, 257, 258, 259, 262, 263, 266, 267, 268, 270, 271, 272, 274, 276, 280, 281, 289, 291, 292, 294, 295, 302, 303, 304, 312, 315, 321, 323, 324, 327, 329, 330, 332, 334, 335, 336, 348, 349, 358, 360, 361, 363, 365, 366, 367], "excluded_lines": [], "functions": {"Tier2EnhancedAnalyzer.__init__": {"executed_lines": [], "summary": {"covered_lines": 0, "num_statements": 6, "percent_covered": 0.0, "percent_covered_display": "0", "missing_lines": 6, "excluded_lines": 0}, "missing_lines": [43, 44, 45, 48, 49, 50], "excluded_lines": []}, "Tier2EnhancedAnalyzer.analyze_job": {"executed_lines": [], "summary": {"covered_lines": 0, "num_statements": 16, "percent_covered": 0.0, "percent_covered_display": "0", "missing_lines": 16, "excluded_lines": 0}, "missing_lines": [63, 65, 67, 73, 76, 79, 81, 82, 85, 86, 89, 96, 101, 111, 112, 113], "excluded_lines": []}, "Tier2EnhancedAnalyzer._parse_tier2_response": {"executed_lines": [], "summary": {"covered_lines": 0, "num_statements": 28, "percent_covered": 0.0, "percent_covered_display": "0", "missing_lines": 28, "excluded_lines": 0}, "missing_lines": [123, 125, 126, 128, 129, 130, 133, 134, 136, 137, 138, 141, 144, 145, 146, 147, 148, 151, 152, 153, 154, 156, 158, 159, 160, 161, 162, 163], "excluded_lines": []}, "Tier2EnhancedAnalyzer._store_tier2_results": {"executed_lines": [], "summary": {"covered_lines": 0, "num_statements": 11, "percent_covered": 0.0, "percent_covered_display": "0", "missing_lines": 11, "excluded_lines": 0}, "missing_lines": [173, 175, 185, 187, 193, 195, 196, 198, 200, 201, 202], "excluded_lines": []}, "Tier2EnhancedAnalyzer.batch_analyze": {"executed_lines": [], "summary": {"covered_lines": 0, "num_statements": 37, "percent_covered": 0.0, "percent_covered_display": "0", "missing_lines": 37, "excluded_lines": 0}, "missing_lines": [216, 218, 219, 227, 228, 230, 231, 233, 234, 236, 237, 238, 239, 241, 242, 243, 244, 247, 249, 250, 251, 252, 254, 256, 257, 258, 259, 262, 263, 266, 267, 268, 270, 271, 272, 274, 276], "excluded_lines": []}, "Tier2EnhancedAnalyzer._get_job_data": {"executed_lines": [], "summary": {"covered_lines": 0, "num_statements": 10, "percent_covered": 0.0, "percent_covered_display": "0", "missing_lines": 10, "excluded_lines": 0}, "missing_lines": [280, 281, 289, 291, 292, 294, 295, 302, 303, 304], "excluded_lines": []}, "Tier2EnhancedAnalyzer._get_tier1_results": {"executed_lines": [], "summary": {"covered_lines": 0, "num_statements": 12, "percent_covered": 0.0, "percent_covered_display": "0", "missing_lines": 12, "excluded_lines": 0}, "missing_lines": [312, 315, 321, 323, 324, 327, 329, 330, 332, 334, 335, 336], "excluded_lines": []}, "Tier2EnhancedAnalyzer.get_tier1_completed_jobs": {"executed_lines": [], "summary": {"covered_lines": 0, "num_statements": 9, "percent_covered": 0.0, "percent_covered_display": "0", "missing_lines": 9, "excluded_lines": 0}, "missing_lines": [348, 349, 358, 360, 361, 363, 365, 366, 367], "excluded_lines": []}, "": {"executed_lines": [1, 13, 14, 15, 16, 17, 18, 19, 20, 22, 25, 26, 35, 52, 121, 165, 204, 278, 306, 338], "summary": {"covered_lines": 18, "num_statements": 18, "percent_covered": 100.0, "percent_covered_display": "100", "missing_lines": 0, "excluded_lines": 0}, "missing_lines": [], "excluded_lines": []}}, "classes": {"Tier2EnhancedAnalyzer": {"executed_lines": [], "summary": {"covered_lines": 0, "num_statements": 129, "percent_covered": 0.0, "percent_covered_display": "0", "missing_lines": 129, "excluded_lines": 0}, "missing_lines": [43, 44, 45, 48, 49, 50, 63, 65, 67, 73, 76, 79, 81, 82, 85, 86, 89, 96, 101, 111, 112, 113, 123, 125, 126, 128, 129, 130, 133, 134, 136, 137, 138, 141, 144, 145, 146, 147, 148, 151, 152, 153, 154, 156, 158, 159, 160, 161, 162, 163, 173, 175, 185, 187, 193, 195, 196, 198, 200, 201, 202, 216, 218, 219, 227, 228, 230, 231, 233, 234, 236, 237, 238, 239, 241, 242, 243, 244, 247, 249, 250, 251, 252, 254, 256, 257, 258, 259, 262, 263, 266, 267, 268, 270, 271, 272, 274, 276, 280, 281, 289, 291, 292, 294, 295, 302, 303, 304, 312, 315, 321, 323, 324, 327, 329, 330, 332, 334, 335, 336, 348, 349, 358, 360, 361, 363, 365, 366, 367], "excluded_lines": []}, "": {"executed_lines": [1, 13, 14, 15, 16, 17, 18, 19, 20, 22, 25, 26, 35, 52, 121, 165, 204, 278, 306, 338], "summary": {"covered_lines": 18, "num_statements": 18, "percent_covered": 100.0, "percent_covered_display": "100", "missing_lines": 0, "excluded_lines": 0}, "missing_lines": [], "excluded_lines": []}}}, "modules/ai_job_description_analysis/tier3_analyzer.py": {"executed_lines": [1, 13, 14, 15, 16, 17, 18, 19, 20, 22, 25, 26, 35, 52, 123, 167, 206, 281, 309, 333, 357], "summary": {"covered_lines": 19, "num_statements": 161, "percent_covered": 11.801242236024844, "percent_covered_display": "12", "missing_lines": 142, "excluded_lines": 0}, "missing_lines": [43, 44, 45, 48, 49, 50, 64, 66, 68, 75, 78, 81, 83, 84, 87, 88, 91, 98, 103, 113, 114, 115, 125, 127, 128, 130, 131, 132, 135, 136, 138, 139, 140, 143, 146, 147, 148, 149, 150, 153, 154, 155, 156, 158, 160, 161, 162, 163, 164, 165, 175, 177, 187, 189, 195, 197, 198, 200, 202, 203, 204, 218, 220, 221, 229, 230, 232, 233, 235, 236, 237, 239, 240, 241, 242, 244, 245, 246, 247, 250, 252, 253, 254, 255, 257, 259, 260, 261, 262, 265, 266, 269, 270, 271, 273, 274, 275, 277, 279, 283, 284, 292, 294, 295, 297, 298, 305, 306, 307, 311, 312, 318, 320, 321, 323, 324, 325, 327, 329, 330, 331, 335, 336, 342, 344, 345, 347, 348, 349, 351, 353, 354, 355, 367, 368, 378, 380, 381, 383, 385, 386, 387], "excluded_lines": [], "functions": {"Tier3StrategicAnalyzer.__init__": {"executed_lines": [], "summary": {"covered_lines": 0, "num_statements": 6, "percent_covered": 0.0, "percent_covered_display": "0", "missing_lines": 6, "excluded_lines": 0}, "missing_lines": [43, 44, 45, 48, 49, 50], "excluded_lines": []}, "Tier3StrategicAnalyzer.analyze_job": {"executed_lines": [], "summary": {"covered_lines": 0, "num_statements": 16, "percent_covered": 0.0, "percent_covered_display": "0", "missing_lines": 16, "excluded_lines": 0}, "missing_lines": [64, 66, 68, 75, 78, 81, 83, 84, 87, 88, 91, 98, 103, 113, 114, 115], "excluded_lines": []}, "Tier3StrategicAnalyzer._parse_tier3_response": {"executed_lines": [], "summary": {"covered_lines": 0, "num_statements": 28, "percent_covered": 0.0, "percent_covered_display": "0", "missing_lines": 28, "excluded_lines": 0}, "missing_lines": [125, 127, 128, 130, 131, 132, 135, 136, 138, 139, 140, 143, 146, 147, 148, 149, 150, 153, 154, 155, 156, 158, 160, 161, 162, 163, 164, 165], "excluded_lines": []}, "Tier3StrategicAnalyzer._store_tier3_results": {"executed_lines": [], "summary": {"covered_lines": 0, "num_statements": 11, "percent_covered": 0.0, "percent_covered_display": "0", "missing_lines": 11, "excluded_lines": 0}, "missing_lines": [175, 177, 187, 189, 195, 197, 198, 200, 202, 203, 204], "excluded_lines": []}, "Tier3StrategicAnalyzer.batch_analyze": {"executed_lines": [], "summary": {"covered_lines": 0, "num_statements": 38, "percent_covered": 0.0, "percent_covered_display": "0", "missing_lines": 38, "excluded_lines": 0}, "missing_lines": [218, 220, 221, 229, 230, 232, 233, 235, 236, 237, 239, 240, 241, 242, 244, 245, 246, 247, 250, 252, 253, 254, 255, 257, 259, 260, 261, 262, 265, 266, 269, 270, 271, 273, 274, 275, 277, 279], "excluded_lines": []}, "Tier3StrategicAnalyzer._get_job_data": {"executed_lines": [], "summary": {"covered_lines": 0, "num_statements": 10, "percent_covered": 0.0, "percent_covered_display": "0", "missing_lines": 10, "excluded_lines": 0}, "missing_lines": [283, 284, 292, 294, 295, 297, 298, 305, 306, 307], "excluded_lines": []}, "Tier3StrategicAnalyzer._get_tier1_results": {"executed_lines": [], "summary": {"covered_lines": 0, "num_statements": 12, "percent_covered": 0.0, "percent_covered_display": "0", "missing_lines": 12, "excluded_lines": 0}, "missing_lines": [311, 312, 318, 320, 321, 323, 324, 325, 327, 329, 330, 331], "excluded_lines": []}, "Tier3StrategicAnalyzer._get_tier2_results": {"executed_lines": [], "summary": {"covered_lines": 0, "num_statements": 12, "percent_covered": 0.0, "percent_covered_display": "0", "missing_lines": 12, "excluded_lines": 0}, "missing_lines": [335, 336, 342, 344, 345, 347, 348, 349, 351, 353, 354, 355], "excluded_lines": []}, "Tier3StrategicAnalyzer.get_tier2_completed_jobs": {"executed_lines": [], "summary": {"covered_lines": 0, "num_statements": 9, "percent_covered": 0.0, "percent_covered_display": "0", "missing_lines": 9, "excluded_lines": 0}, "missing_lines": [367, 368, 378, 380, 381, 383, 385, 386, 387], "excluded_lines": []}, "": {"executed_lines": [1, 13, 14, 15, 16, 17, 18, 19, 20, 22, 25, 26, 35, 52, 123, 167, 206, 281, 309, 333, 357], "summary": {"covered_lines": 19, "num_statements": 19, "percent_covered": 100.0, "percent_covered_display": "100", "missing_lines": 0, "excluded_lines": 0}, "missing_lines": [], "excluded_lines": []}}, "classes": {"Tier3StrategicAnalyzer": {"executed_lines": [], "summary": {"covered_lines": 0, "num_statements": 142, "percent_covered": 0.0, "percent_covered_display": "0", "missing_lines": 142, "excluded_lines": 0}, "missing_lines": [43, 44, 45, 48, 49, 50, 64, 66, 68, 75, 78, 81, 83, 84, 87, 88, 91, 98, 103, 113, 114, 115, 125, 127, 128, 130, 131, 132, 135, 136, 138, 139, 140, 143, 146, 147, 148, 149, 150, 153, 154, 155, 156, 158, 160, 161, 162, 163, 164, 165, 175, 177, 187, 189, 195, 197, 198, 200, 202, 203, 204, 218, 220, 221, 229, 230, 232, 233, 235, 236, 237, 239, 240, 241, 242, 244, 245, 246, 247, 250, 252, 253, 254, 255, 257, 259, 260, 261, 262, 265, 266, 269, 270, 271, 273, 274, 275, 277, 279, 283, 284, 292, 294, 295, 297, 298, 305, 306, 307, 311, 312, 318, 320, 321, 323, 324, 325, 327, 329, 330, 331, 335, 336, 342, 344, 345, 347, 348, 349, 351, 353, 354, 355, 367, 368, 378, 380, 381, 383, 385, 386, 387], "excluded_lines": []}, "": {"executed_lines": [1, 13, 14, 15, 16, 17, 18, 19, 20, 22, 25, 26, 35, 52, 123, 167, 206, 281, 309, 333, 357], "summary": {"covered_lines": 19, "num_statements": 19, "percent_covered": 100.0, "percent_covered_display": "100", "missing_lines": 0, "excluded_lines": 0}, "missing_lines": [], "excluded_lines": []}}}, "modules/analytics/__init__.py": {"executed_lines": [], "summary": {"covered_lines": 0, "num_statements": 1, "percent_covered": 0.0, "percent_covered_display": "0", "missing_lines": 1, "excluded_lines": 0}, "missing_lines": [14], "excluded_lines": [], "functions": {"": {"executed_lines": [], "summary": {"covered_lines": 0, "num_statements": 1, "percent_covered": 0.0, "percent_covered_display": "0", "missing_lines": 1, "excluded_lines": 0}, "missing_lines": [14], "excluded_lines": []}}, "classes": {"": {"executed_lines": [], "summary": {"covered_lines": 0, "num_statements": 1, "percent_covered": 0.0, "percent_covered_display": "0", "missing_lines": 1, "excluded_lines": 0}, "missing_lines": [14], "excluded_lines": []}}}, "modules/analytics/engagement_analytics.py": {"executed_lines": [], "summary": {"covered_lines": 0, "num_statements": 118, "percent_covered": 0.0, "percent_covered_display": "0", "missing_lines": 118, "excluded_lines": 0}, "missing_lines": [14, 15, 16, 17, 18, 19, 21, 24, 35, 37, 39, 41, 45, 47, 49, 50, 58, 59, 60, 62, 79, 80, 81, 83, 84, 86, 87, 88, 90, 91, 92, 94, 95, 96, 98, 101, 114, 117, 119, 128, 129, 130, 132, 144, 168, 171, 172, 173, 180, 181, 182, 184, 186, 193, 194, 195, 197, 216, 219, 221, 226, 227, 228, 230, 232, 235, 236, 241, 242, 248, 249, 251, 252, 253, 255, 256, 261, 263, 270, 271, 272, 274, 289, 292, 293, 296, 298, 303, 304, 305, 307, 309, 311, 312, 315, 316, 317, 323, 324, 325, 330, 331, 332, 336, 338, 348, 349, 350, 352, 368, 370, 371, 374, 386, 388, 394, 395, 396], "excluded_lines": [], "functions": {"EngagementAnalytics.__init__": {"executed_lines": [], "summary": {"covered_lines": 0, "num_statements": 1, "percent_covered": 0.0, "percent_covered_display": "0", "missing_lines": 1, "excluded_lines": 0}, "missing_lines": [37], "excluded_lines": []}, "EngagementAnalytics._setup_logging": {"executed_lines": [], "summary": {"covered_lines": 0, "num_statements": 2, "percent_covered": 0.0, "percent_covered_display": "0", "missing_lines": 2, "excluded_lines": 0}, "missing_lines": [41, 45], "excluded_lines": []}, "EngagementAnalytics._get_db_connection": {"executed_lines": [], "summary": {"covered_lines": 0, "num_statements": 5, "percent_covered": 0.0, "percent_covered_display": "0", "missing_lines": 5, "excluded_lines": 0}, "missing_lines": [49, 50, 58, 59, 60], "excluded_lines": []}, "EngagementAnalytics.get_engagement_summary": {"executed_lines": [], "summary": {"covered_lines": 0, "num_statements": 22, "percent_covered": 0.0, "percent_covered_display": "0", "missing_lines": 22, "excluded_lines": 0}, "missing_lines": [79, 80, 81, 83, 84, 86, 87, 88, 90, 91, 92, 94, 95, 96, 98, 101, 114, 117, 119, 128, 129, 130], "excluded_lines": []}, "EngagementAnalytics._get_outcomes_by_engagement": {"executed_lines": [], "summary": {"covered_lines": 0, "num_statements": 9, "percent_covered": 0.0, "percent_covered_display": "0", "missing_lines": 9, "excluded_lines": 0}, "missing_lines": [144, 168, 171, 172, 173, 180, 181, 182, 184], "excluded_lines": []}, "EngagementAnalytics.get_engagement_to_outcome_correlation": {"executed_lines": [], "summary": {"covered_lines": 0, "num_statements": 10, "percent_covered": 0.0, "percent_covered_display": "0", "missing_lines": 10, "excluded_lines": 0}, "missing_lines": [193, 194, 195, 197, 216, 219, 221, 226, 227, 228], "excluded_lines": []}, "EngagementAnalytics._generate_correlation_insights": {"executed_lines": [], "summary": {"covered_lines": 0, "num_statements": 13, "percent_covered": 0.0, "percent_covered_display": "0", "missing_lines": 13, "excluded_lines": 0}, "missing_lines": [232, 235, 236, 241, 242, 248, 249, 251, 252, 253, 255, 256, 261], "excluded_lines": []}, "EngagementAnalytics.get_link_function_effectiveness": {"executed_lines": [], "summary": {"covered_lines": 0, "num_statements": 12, "percent_covered": 0.0, "percent_covered_display": "0", "missing_lines": 12, "excluded_lines": 0}, "missing_lines": [270, 271, 272, 274, 289, 292, 293, 296, 298, 303, 304, 305], "excluded_lines": []}, "EngagementAnalytics._generate_link_recommendations": {"executed_lines": [], "summary": {"covered_lines": 0, "num_statements": 13, "percent_covered": 0.0, "percent_covered_display": "0", "missing_lines": 13, "excluded_lines": 0}, "missing_lines": [309, 311, 312, 315, 316, 317, 323, 324, 325, 330, 331, 332, 336], "excluded_lines": []}, "EngagementAnalytics.get_application_engagement_details": {"executed_lines": [], "summary": {"covered_lines": 0, "num_statements": 13, "percent_covered": 0.0, "percent_covered_display": "0", "missing_lines": 13, "excluded_lines": 0}, "missing_lines": [348, 349, 350, 352, 368, 370, 371, 374, 386, 388, 394, 395, 396], "excluded_lines": []}, "": {"executed_lines": [], "summary": {"covered_lines": 0, "num_statements": 18, "percent_covered": 0.0, "percent_covered_display": "0", "missing_lines": 18, "excluded_lines": 0}, "missing_lines": [14, 15, 16, 17, 18, 19, 21, 24, 35, 39, 47, 62, 132, 186, 230, 263, 307, 338], "excluded_lines": []}}, "classes": {"EngagementAnalytics": {"executed_lines": [], "summary": {"covered_lines": 0, "num_statements": 100, "percent_covered": 0.0, "percent_covered_display": "0", "missing_lines": 100, "excluded_lines": 0}, "missing_lines": [37, 41, 45, 49, 50, 58, 59, 60, 79, 80, 81, 83, 84, 86, 87, 88, 90, 91, 92, 94, 95, 96, 98, 101, 114, 117, 119, 128, 129, 130, 144, 168, 171, 172, 173, 180, 181, 182, 184, 193, 194, 195, 197, 216, 219, 221, 226, 227, 228, 232, 235, 236, 241, 242, 248, 249, 251, 252, 253, 255, 256, 261, 270, 271, 272, 274, 289, 292, 293, 296, 298, 303, 304, 305, 309, 311, 312, 315, 316, 317, 323, 324, 325, 330, 331, 332, 336, 348, 349, 350, 352, 368, 370, 371, 374, 386, 388, 394, 395, 396], "excluded_lines": []}, "": {"executed_lines": [], "summary": {"covered_lines": 0, "num_statements": 18, "percent_covered": 0.0, "percent_covered_display": "0", "missing_lines": 18, "excluded_lines": 0}, "missing_lines": [14, 15, 16, 17, 18, 19, 21, 24, 35, 39, 47, 62, 132, 186, 230, 263, 307, 338], "excluded_lines": []}}}, "modules/analytics/engagement_analytics_api.py": {"executed_lines": [], "summary": {"covered_lines": 0, "num_statements": 70, "percent_covered": 0.0, "percent_covered_display": "0", "missing_lines": 70, "excluded_lines": 0}, "missing_lines": [16, 17, 18, 19, 21, 24, 31, 42, 44, 46, 63, 64, 70, 72, 73, 74, 76, 77, 78, 80, 87, 88, 89, 91, 92, 93, 95, 102, 103, 104, 106, 107, 108, 110, 120, 122, 123, 124, 125, 126, 128, 130, 131, 133, 135, 136, 137, 141, 148, 149, 164, 165, 166, 168, 174, 177, 178, 188, 189, 192, 193, 203, 204, 207, 208, 221, 222, 225, 226, 233], "excluded_lines": [], "functions": {"EngagementAnalyticsAPI.__init__": {"executed_lines": [], "summary": {"covered_lines": 0, "num_statements": 1, "percent_covered": 0.0, "percent_covered_display": "0", "missing_lines": 1, "excluded_lines": 0}, "missing_lines": [44], "excluded_lines": []}, "EngagementAnalyticsAPI.get_engagement_summary": {"executed_lines": [], "summary": {"covered_lines": 0, "num_statements": 9, "percent_covered": 0.0, "percent_covered_display": "0", "missing_lines": 9, "excluded_lines": 0}, "missing_lines": [63, 64, 70, 72, 73, 74, 76, 77, 78], "excluded_lines": []}, "EngagementAnalyticsAPI.get_correlation_data": {"executed_lines": [], "summary": {"covered_lines": 0, "num_statements": 6, "percent_covered": 0.0, "percent_covered_display": "0", "missing_lines": 6, "excluded_lines": 0}, "missing_lines": [87, 88, 89, 91, 92, 93], "excluded_lines": []}, "EngagementAnalyticsAPI.get_link_effectiveness": {"executed_lines": [], "summary": {"covered_lines": 0, "num_statements": 6, "percent_covered": 0.0, "percent_covered_display": "0", "missing_lines": 6, "excluded_lines": 0}, "missing_lines": [102, 103, 104, 106, 107, 108], "excluded_lines": []}, "EngagementAnalyticsAPI.get_application_details": {"executed_lines": [], "summary": {"covered_lines": 0, "num_statements": 13, "percent_covered": 0.0, "percent_covered_display": "0", "missing_lines": 13, "excluded_lines": 0}, "missing_lines": [120, 122, 123, 124, 125, 126, 128, 130, 131, 133, 135, 136, 137], "excluded_lines": []}, "get_engagement_summary": {"executed_lines": [], "summary": {"covered_lines": 0, "num_statements": 5, "percent_covered": 0.0, "percent_covered_display": "0", "missing_lines": 5, "excluded_lines": 0}, "missing_lines": [164, 165, 166, 168, 174], "excluded_lines": []}, "get_engagement_to_outcome": {"executed_lines": [], "summary": {"covered_lines": 0, "num_statements": 2, "percent_covered": 0.0, "percent_covered_display": "0", "missing_lines": 2, "excluded_lines": 0}, "missing_lines": [188, 189], "excluded_lines": []}, "get_link_function_effectiveness": {"executed_lines": [], "summary": {"covered_lines": 0, "num_statements": 2, "percent_covered": 0.0, "percent_covered_display": "0", "missing_lines": 2, "excluded_lines": 0}, "missing_lines": [203, 204], "excluded_lines": []}, "get_application_engagement": {"executed_lines": [], "summary": {"covered_lines": 0, "num_statements": 2, "percent_covered": 0.0, "percent_covered_display": "0", "missing_lines": 2, "excluded_lines": 0}, "missing_lines": [221, 222], "excluded_lines": []}, "health_check": {"executed_lines": [], "summary": {"covered_lines": 0, "num_statements": 1, "percent_covered": 0.0, "percent_covered_display": "0", "missing_lines": 1, "excluded_lines": 0}, "missing_lines": [233], "excluded_lines": []}, "": {"executed_lines": [], "summary": {"covered_lines": 0, "num_statements": 23, "percent_covered": 0.0, "percent_covered_display": "0", "missing_lines": 23, "excluded_lines": 0}, "missing_lines": [16, 17, 18, 19, 21, 24, 31, 42, 46, 80, 95, 110, 141, 148, 149, 177, 178, 192, 193, 207, 208, 225, 226], "excluded_lines": []}}, "classes": {"EngagementAnalyticsAPI": {"executed_lines": [], "summary": {"covered_lines": 0, "num_statements": 35, "percent_covered": 0.0, "percent_covered_display": "0", "missing_lines": 35, "excluded_lines": 0}, "missing_lines": [44, 63, 64, 70, 72, 73, 74, 76, 77, 78, 87, 88, 89, 91, 92, 93, 102, 103, 104, 106, 107, 108, 120, 122, 123, 124, 125, 126, 128, 130, 131, 133, 135, 136, 137], "excluded_lines": []}, "": {"executed_lines": [], "summary": {"covered_lines": 0, "num_statements": 35, "percent_covered": 0.0, "percent_covered_display": "0", "missing_lines": 35, "excluded_lines": 0}, "missing_lines": [16, 17, 18, 19, 21, 24, 31, 42, 46, 80, 95, 110, 141, 148, 149, 164, 165, 166, 168, 174, 177, 178, 188, 189, 192, 193, 203, 204, 207, 208, 221, 222, 225, 226, 233], "excluded_lines": []}}}, "modules/content/content_manager.py": {"executed_lines": [1, 6, 7, 8, 9, 10, 11, 12, 13, 16, 17, 21, 22, 23, 24, 26, 195, 216, 248, 297, 321, 344, 371, 393, 441, 462, 491, 540, 569, 577], "summary": {"covered_lines": 28, "num_statements": 165, "percent_covered": 16.96969696969697, "percent_covered_display": "17", "missing_lines": 137, "excluded_lines": 0}, "missing_lines": [31, 87, 143, 144, 145, 169, 170, 193, 199, 200, 201, 204, 205, 208, 211, 212, 214, 220, 221, 223, 225, 234, 237, 238, 239, 240, 243, 244, 246, 253, 254, 256, 257, 266, 269, 270, 273, 278, 279, 280, 282, 285, 286, 289, 290, 291, 292, 293, 295, 303, 304, 307, 310, 313, 314, 317, 319, 325, 326, 328, 329, 330, 333, 334, 337, 340, 342, 349, 350, 352, 353, 354, 358, 361, 362, 363, 364, 367, 369, 381, 385, 386, 389, 391, 409, 410, 411, 412, 415, 418, 419, 422, 424, 425, 426, 427, 430, 431, 435, 436, 437, 439, 445, 446, 458, 459, 460, 467, 468, 487, 488, 489, 496, 497, 509, 510, 512, 515, 518, 519, 522, 523, 526, 529, 531, 544, 545, 547, 549, 567, 574, 575, 581, 583, 585, 586, 614], "excluded_lines": [], "functions": {"ContentManager.__init__": {"executed_lines": [22, 23, 24], "summary": {"covered_lines": 3, "num_statements": 3, "percent_covered": 100.0, "percent_covered_display": "100", "missing_lines": 0, "excluded_lines": 0}, "missing_lines": [], "excluded_lines": []}, "ContentManager.seed_content_library": {"executed_lines": [], "summary": {"covered_lines": 0, "num_statements": 8, "percent_covered": 0.0, "percent_covered_display": "0", "missing_lines": 8, "excluded_lines": 0}, "missing_lines": [31, 87, 143, 144, 145, 169, 170, 193], "excluded_lines": []}, "ContentManager.select_content_for_job": {"executed_lines": [], "summary": {"covered_lines": 0, "num_statements": 9, "percent_covered": 0.0, "percent_covered_display": "0", "missing_lines": 9, "excluded_lines": 0}, "missing_lines": [199, 200, 201, 204, 205, 208, 211, 212, 214], "excluded_lines": []}, "ContentManager._select_resume_content": {"executed_lines": [], "summary": {"covered_lines": 0, "num_statements": 12, "percent_covered": 0.0, "percent_covered_display": "0", "missing_lines": 12, "excluded_lines": 0}, "missing_lines": [220, 221, 223, 225, 234, 237, 238, 239, 240, 243, 244, 246], "excluded_lines": []}, "ContentManager._select_cover_letter_content": {"executed_lines": [], "summary": {"covered_lines": 0, "num_statements": 20, "percent_covered": 0.0, "percent_covered_display": "0", "missing_lines": 20, "excluded_lines": 0}, "missing_lines": [253, 254, 256, 257, 266, 269, 270, 273, 278, 279, 280, 282, 285, 286, 289, 290, 291, 292, 293, 295], "excluded_lines": []}, "ContentManager._calculate_composite_score": {"executed_lines": [], "summary": {"covered_lines": 0, "num_statements": 8, "percent_covered": 0.0, "percent_covered_display": "0", "missing_lines": 8, "excluded_lines": 0}, "missing_lines": [303, 304, 307, 310, 313, 314, 317, 319], "excluded_lines": []}, "ContentManager._calculate_skill_match_score": {"executed_lines": [], "summary": {"covered_lines": 0, "num_statements": 10, "percent_covered": 0.0, "percent_covered_display": "0", "missing_lines": 10, "excluded_lines": 0}, "missing_lines": [325, 326, 328, 329, 330, 333, 334, 337, 340, 342], "excluded_lines": []}, "ContentManager._calculate_keyword_match_score": {"executed_lines": [], "summary": {"covered_lines": 0, "num_statements": 12, "percent_covered": 0.0, "percent_covered_display": "0", "missing_lines": 12, "excluded_lines": 0}, "missing_lines": [349, 350, 352, 353, 354, 358, 361, 362, 363, 364, 367, 369], "excluded_lines": []}, "ContentManager._strip_variables_for_keyword_matching": {"executed_lines": [], "summary": {"covered_lines": 0, "num_statements": 5, "percent_covered": 0.0, "percent_covered_display": "0", "missing_lines": 5, "excluded_lines": 0}, "missing_lines": [381, 385, 386, 389, 391], "excluded_lines": []}, "ContentManager._select_best_sentence_with_variable_constraints": {"executed_lines": [], "summary": {"covered_lines": 0, "num_statements": 18, "percent_covered": 0.0, "percent_covered_display": "0", "missing_lines": 18, "excluded_lines": 0}, "missing_lines": [409, 410, 411, 412, 415, 418, 419, 422, 424, 425, 426, 427, 430, 431, 435, 436, 437, 439], "excluded_lines": []}, "ContentManager._get_job_skills": {"executed_lines": [], "summary": {"covered_lines": 0, "num_statements": 5, "percent_covered": 0.0, "percent_covered_display": "0", "missing_lines": 5, "excluded_lines": 0}, "missing_lines": [445, 446, 458, 459, 460], "excluded_lines": []}, "ContentManager._get_job_ats_keywords": {"executed_lines": [], "summary": {"covered_lines": 0, "num_statements": 5, "percent_covered": 0.0, "percent_covered_display": "0", "missing_lines": 5, "excluded_lines": 0}, "missing_lines": [467, 468, 487, 488, 489], "excluded_lines": []}, "ContentManager.generate_application_package": {"executed_lines": [], "summary": {"covered_lines": 0, "num_statements": 13, "percent_covered": 0.0, "percent_covered_display": "0", "missing_lines": 13, "excluded_lines": 0}, "missing_lines": [496, 497, 509, 510, 512, 515, 518, 519, 522, 523, 526, 529, 531], "excluded_lines": []}, "ContentManager._generate_email_content": {"executed_lines": [], "summary": {"covered_lines": 0, "num_statements": 5, "percent_covered": 0.0, "percent_covered_display": "0", "missing_lines": 5, "excluded_lines": 0}, "missing_lines": [544, 545, 547, 549, 567], "excluded_lines": []}, "ContentManager._extract_email_from_job": {"executed_lines": [], "summary": {"covered_lines": 0, "num_statements": 2, "percent_covered": 0.0, "percent_covered_display": "0", "missing_lines": 2, "excluded_lines": 0}, "missing_lines": [574, 575], "excluded_lines": []}, "ContentManager._create_application_record": {"executed_lines": [], "summary": {"covered_lines": 0, "num_statements": 5, "percent_covered": 0.0, "percent_covered_display": "0", "missing_lines": 5, "excluded_lines": 0}, "missing_lines": [581, 583, 585, 586, 614], "excluded_lines": []}, "": {"executed_lines": [1, 6, 7, 8, 9, 10, 11, 12, 13, 16, 17, 21, 26, 195, 216, 248, 297, 321, 344, 371, 393, 441, 462, 491, 540, 569, 577], "summary": {"covered_lines": 25, "num_statements": 25, "percent_covered": 100.0, "percent_covered_display": "100", "missing_lines": 0, "excluded_lines": 0}, "missing_lines": [], "excluded_lines": []}}, "classes": {"ContentManager": {"executed_lines": [22, 23, 24], "summary": {"covered_lines": 3, "num_statements": 140, "percent_covered": 2.142857142857143, "percent_covered_display": "2", "missing_lines": 137, "excluded_lines": 0}, "missing_lines": [31, 87, 143, 144, 145, 169, 170, 193, 199, 200, 201, 204, 205, 208, 211, 212, 214, 220, 221, 223, 225, 234, 237, 238, 239, 240, 243, 244, 246, 253, 254, 256, 257, 266, 269, 270, 273, 278, 279, 280, 282, 285, 286, 289, 290, 291, 292, 293, 295, 303, 304, 307, 310, 313, 314, 317, 319, 325, 326, 328, 329, 330, 333, 334, 337, 340, 342, 349, 350, 352, 353, 354, 358, 361, 362, 363, 364, 367, 369, 381, 385, 386, 389, 391, 409, 410, 411, 412, 415, 418, 419, 422, 424, 425, 426, 427, 430, 431, 435, 436, 437, 439, 445, 446, 458, 459, 460, 467, 468, 487, 488, 489, 496, 497, 509, 510, 512, 515, 518, 519, 522, 523, 526, 529, 531, 544, 545, 547, 549, 567, 574, 575, 581, 583, 585, 586, 614], "excluded_lines": []}, "": {"executed_lines": [1, 6, 7, 8, 9, 10, 11, 12, 13, 16, 17, 21, 26, 195, 216, 248, 297, 321, 344, 371, 393, 441, 462, 491, 540, 569, 577], "summary": {"covered_lines": 25, "num_statements": 25, "percent_covered": 100.0, "percent_covered_display": "100", "missing_lines": 0, "excluded_lines": 0}, "missing_lines": [], "excluded_lines": []}}}, "modules/content/copywriting_evaluator/__init__.py": {"executed_lines": [1, 22, 23], "summary": {"covered_lines": 2, "num_statements": 2, "percent_covered": 100.0, "percent_covered_display": "100", "missing_lines": 0, "excluded_lines": 0}, "missing_lines": [], "excluded_lines": [], "functions": {"": {"executed_lines": [1, 22, 23], "summary": {"covered_lines": 2, "num_statements": 2, "percent_covered": 100.0, "percent_covered_display": "100", "missing_lines": 0, "excluded_lines": 0}, "missing_lines": [], "excluded_lines": []}}, "classes": {"": {"executed_lines": [1, 22, 23], "summary": {"covered_lines": 2, "num_statements": 2, "percent_covered": 100.0, "percent_covered_display": "100", "missing_lines": 0, "excluded_lines": 0}, "missing_lines": [], "excluded_lines": []}}}, "modules/content/copywriting_evaluator/error_handler.py": {"executed_lines": [2, 12, 13, 14, 15, 16, 17, 18, 19, 20, 23, 24, 26, 28, 29, 30, 31, 32, 33, 35, 36, 37, 38, 39, 40, 41, 42, 43, 45, 46, 47, 48, 49, 50, 51, 52, 53, 54, 55, 56, 57, 58, 59, 60, 61, 63, 64, 65, 66, 67, 68, 69, 70, 71, 72, 73, 74, 75, 76, 78, 79, 92, 94, 95, 96, 99, 100, 101, 102, 105, 106, 109, 111, 113, 115, 123, 187, 215, 237, 251, 266, 297, 314, 321, 327, 332, 337, 342, 344, 345, 348, 356, 375, 423, 466, 498, 500, 503, 504, 505, 507, 511, 515, 519], "summary": {"covered_lines": 98, "num_statements": 238, "percent_covered": 41.1764705882353, "percent_covered_display": "41", "missing_lines": 140, "excluded_lines": 0}, "missing_lines": [134, 136, 137, 140, 141, 144, 145, 148, 163, 164, 165, 168, 169, 170, 173, 176, 177, 178, 179, 182, 183, 185, 189, 190, 193, 194, 197, 198, 201, 202, 205, 206, 209, 210, 213, 217, 220, 221, 224, 225, 228, 229, 232, 233, 235, 239, 242, 243, 244, 245, 246, 247, 249, 253, 255, 256, 257, 258, 259, 260, 262, 264, 268, 269, 277, 292, 294, 295, 299, 300, 301, 302, 303, 304, 305, 306, 307, 308, 309, 310, 312, 317, 318, 319, 324, 325, 329, 330, 334, 335, 339, 340, 346, 350, 351, 353, 354, 358, 360, 361, 363, 364, 365, 367, 377, 380, 383, 384, 385, 388, 389, 390, 392, 394, 395, 398, 399, 402, 403, 406, 407, 409, 425, 426, 429, 430, 438, 439, 447, 448, 456, 457, 464, 468, 469, 471, 509, 513, 517, 521], "excluded_lines": [], "functions": {"ComprehensiveErrorHandler.__init__": {"executed_lines": [94, 95, 96, 99, 100, 101, 102, 105, 106, 109, 111], "summary": {"covered_lines": 11, "num_statements": 11, "percent_covered": 100.0, "percent_covered_display": "100", "missing_lines": 0, "excluded_lines": 0}, "missing_lines": [], "excluded_lines": []}, "ComprehensiveErrorHandler._initialize_recovery_strategies": {"executed_lines": [115], "summary": {"covered_lines": 1, "num_statements": 1, "percent_covered": 100.0, "percent_covered_display": "100", "missing_lines": 0, "excluded_lines": 0}, "missing_lines": [], "excluded_lines": []}, "ComprehensiveErrorHandler.record_error": {"executed_lines": [], "summary": {"covered_lines": 0, "num_statements": 22, "percent_covered": 0.0, "percent_covered_display": "0", "missing_lines": 22, "excluded_lines": 0}, "missing_lines": [134, 136, 137, 140, 141, 144, 145, 148, 163, 164, 165, 168, 169, 170, 173, 176, 177, 178, 179, 182, 183, 185], "excluded_lines": []}, "ComprehensiveErrorHandler._classify_error": {"executed_lines": [], "summary": {"covered_lines": 0, "num_statements": 13, "percent_covered": 0.0, "percent_covered_display": "0", "missing_lines": 13, "excluded_lines": 0}, "missing_lines": [189, 190, 193, 194, 197, 198, 201, 202, 205, 206, 209, 210, 213], "excluded_lines": []}, "ComprehensiveErrorHandler._determine_severity": {"executed_lines": [], "summary": {"covered_lines": 0, "num_statements": 10, "percent_covered": 0.0, "percent_covered_display": "0", "missing_lines": 10, "excluded_lines": 0}, "missing_lines": [217, 220, 221, 224, 225, 228, 229, 232, 233, 235], "excluded_lines": []}, "ComprehensiveErrorHandler._extract_error_details": {"executed_lines": [], "summary": {"covered_lines": 0, "num_statements": 8, "percent_covered": 0.0, "percent_covered_display": "0", "missing_lines": 8, "excluded_lines": 0}, "missing_lines": [239, 242, 243, 244, 245, 246, 247, 249], "excluded_lines": []}, "ComprehensiveErrorHandler._log_error": {"executed_lines": [], "summary": {"covered_lines": 0, "num_statements": 9, "percent_covered": 0.0, "percent_covered_display": "0", "missing_lines": 9, "excluded_lines": 0}, "missing_lines": [253, 255, 256, 257, 258, 259, 260, 262, 264], "excluded_lines": []}, "ComprehensiveErrorHandler._store_error_record": {"executed_lines": [], "summary": {"covered_lines": 0, "num_statements": 6, "percent_covered": 0.0, "percent_covered_display": "0", "missing_lines": 6, "excluded_lines": 0}, "missing_lines": [268, 269, 277, 292, 294, 295], "excluded_lines": []}, "ComprehensiveErrorHandler._attempt_recovery": {"executed_lines": [], "summary": {"covered_lines": 0, "num_statements": 13, "percent_covered": 0.0, "percent_covered_display": "0", "missing_lines": 13, "excluded_lines": 0}, "missing_lines": [299, 300, 301, 302, 303, 304, 305, 306, 307, 308, 309, 310, 312], "excluded_lines": []}, "ComprehensiveErrorHandler._recover_from_api_error": {"executed_lines": [], "summary": {"covered_lines": 0, "num_statements": 3, "percent_covered": 0.0, "percent_covered_display": "0", "missing_lines": 3, "excluded_lines": 0}, "missing_lines": [317, 318, 319], "excluded_lines": []}, "ComprehensiveErrorHandler._recover_from_database_error": {"executed_lines": [], "summary": {"covered_lines": 0, "num_statements": 2, "percent_covered": 0.0, "percent_covered_display": "0", "missing_lines": 2, "excluded_lines": 0}, "missing_lines": [324, 325], "excluded_lines": []}, "ComprehensiveErrorHandler._recover_from_network_error": {"executed_lines": [], "summary": {"covered_lines": 0, "num_statements": 2, "percent_covered": 0.0, "percent_covered_display": "0", "missing_lines": 2, "excluded_lines": 0}, "missing_lines": [329, 330], "excluded_lines": []}, "ComprehensiveErrorHandler._recover_from_validation_error": {"executed_lines": [], "summary": {"covered_lines": 0, "num_statements": 2, "percent_covered": 0.0, "percent_covered_display": "0", "missing_lines": 2, "excluded_lines": 0}, "missing_lines": [334, 335], "excluded_lines": []}, "ComprehensiveErrorHandler._recover_from_processing_error": {"executed_lines": [], "summary": {"covered_lines": 0, "num_statements": 2, "percent_covered": 0.0, "percent_covered_display": "0", "missing_lines": 2, "excluded_lines": 0}, "missing_lines": [339, 340], "excluded_lines": []}, "ComprehensiveErrorHandler.is_in_cooldown": {"executed_lines": [344, 345], "summary": {"covered_lines": 2, "num_statements": 3, "percent_covered": 66.66666666666667, "percent_covered_display": "67", "missing_lines": 1, "excluded_lines": 0}, "missing_lines": [346], "excluded_lines": []}, "ComprehensiveErrorHandler.get_time_until_cooldown_end": {"executed_lines": [], "summary": {"covered_lines": 0, "num_statements": 4, "percent_covered": 0.0, "percent_covered_display": "0", "missing_lines": 4, "excluded_lines": 0}, "missing_lines": [350, 351, 353, 354], "excluded_lines": []}, "ComprehensiveErrorHandler.reset_error_tracking": {"executed_lines": [], "summary": {"covered_lines": 0, "num_statements": 7, "percent_covered": 0.0, "percent_covered_display": "0", "missing_lines": 7, "excluded_lines": 0}, "missing_lines": [358, 360, 361, 363, 364, 365, 367], "excluded_lines": []}, "ComprehensiveErrorHandler.get_error_statistics": {"executed_lines": [], "summary": {"covered_lines": 0, "num_statements": 18, "percent_covered": 0.0, "percent_covered_display": "0", "missing_lines": 18, "excluded_lines": 0}, "missing_lines": [377, 380, 383, 384, 385, 388, 389, 390, 392, 394, 395, 398, 399, 402, 403, 406, 407, 409], "excluded_lines": []}, "ComprehensiveErrorHandler.get_recovery_recommendations": {"executed_lines": [], "summary": {"covered_lines": 0, "num_statements": 11, "percent_covered": 0.0, "percent_covered_display": "0", "missing_lines": 11, "excluded_lines": 0}, "missing_lines": [425, 426, 429, 430, 438, 439, 447, 448, 456, 457, 464], "excluded_lines": []}, "ComprehensiveErrorHandler.get_detailed_status": {"executed_lines": [], "summary": {"covered_lines": 0, "num_statements": 3, "percent_covered": 0.0, "percent_covered_display": "0", "missing_lines": 3, "excluded_lines": 0}, "missing_lines": [468, 469, 471], "excluded_lines": []}, "get_error_handler": {"executed_lines": [503, 504, 505], "summary": {"covered_lines": 3, "num_statements": 3, "percent_covered": 100.0, "percent_covered_display": "100", "missing_lines": 0, "excluded_lines": 0}, "missing_lines": [], "excluded_lines": []}, "record_error": {"executed_lines": [], "summary": {"covered_lines": 0, "num_statements": 1, "percent_covered": 0.0, "percent_covered_display": "0", "missing_lines": 1, "excluded_lines": 0}, "missing_lines": [509], "excluded_lines": []}, "is_system_in_cooldown": {"executed_lines": [], "summary": {"covered_lines":
[...]
es": [], "summary": {"covered_lines": 0, "num_statements": 5, "percent_covered": 0.0, "percent_covered_display": "0", "missing_lines": 5, "excluded_lines": 0}, "missing_lines": [741, 742, 744, 745, 747], "excluded_lines": []}, "ApplicationOrchestrator.get_workflow_status": {"executed_lines": [], "summary": {"covered_lines": 0, "num_statements": 1, "percent_covered": 0.0, "percent_covered_display": "0", "missing_lines": 1, "excluded_lines": 0}, "missing_lines": [784], "excluded_lines": []}, "ApplicationOrchestrator.get_daily_application_count": {"executed_lines": [], "summary": {"covered_lines": 0, "num_statements": 4, "percent_covered": 0.0, "percent_covered_display": "0", "missing_lines": 4, "excluded_lines": 0}, "missing_lines": [792, 793, 794, 801], "excluded_lines": []}, "main": {"executed_lines": [], "summary": {"covered_lines": 0, "num_statements": 33, "percent_covered": 0.0, "percent_covered_display": "0", "missing_lines": 33, "excluded_lines": 0}, "missing_lines": [806, 807, 809, 810, 813, 814, 816, 817, 818, 819, 821, 822, 823, 824, 825, 826, 828, 829, 830, 831, 832, 833, 834, 836, 837, 838, 839, 840, 841, 843, 845, 846, 847], "excluded_lines": []}, "": {"executed_lines": [], "summary": {"covered_lines": 0, "num_statements": 63, "percent_covered": 0.0, "percent_covered_display": "0", "missing_lines": 63, "excluded_lines": 0}, "missing_lines": [17, 18, 19, 20, 21, 22, 23, 24, 25, 28, 29, 32, 33, 34, 37, 38, 40, 41, 42, 43, 44, 47, 48, 49, 56, 59, 60, 62, 63, 65, 66, 67, 74, 76, 79, 80, 82, 85, 93, 137, 164, 165, 181, 240, 298, 353, 398, 458, 476, 495, 509, 510, 560, 585, 643, 681, 709, 732, 780, 790, 804, 850, 851], "excluded_lines": []}}, "classes": {"ApplicationOrchestrator": {"executed_lines": [], "summary": {"covered_lines": 0, "num_statements": 229, "percent_covered": 0.0, "percent_covered_display": "0", "missing_lines": 229, "excluded_lines": 0}, "missing_lines": [97, 98, 101, 102, 103, 104, 107, 109, 110, 111, 114, 115, 116, 119, 135, 147, 149, 151, 152, 156, 158, 160, 161, 162, 167, 168, 169, 170, 171, 172, 173, 174, 175, 176, 178, 179, 191, 192, 194, 196, 198, 199, 202, 203, 206, 207, 208, 209, 210, 211, 212, 213, 223, 227, 228, 230, 231, 232, 250, 251, 253, 295, 296, 308, 311, 312, 313, 315, 323, 324, 326, 327, 328, 330, 334, 335, 336, 340, 341, 342, 343, 344, 346, 348, 349, 351, 368, 369, 372, 373, 376, 377, 378, 379, 380, 381, 382, 385, 386, 389, 390, 393, 394, 396, 408, 411, 412, 413, 414, 417, 418, 419, 422, 423, 425, 426, 427, 428, 429, 430, 431, 432, 433, 434, 437, 438, 450, 451, 452, 453, 454, 456, 460, 461, 463, 464, 466, 469, 470, 471, 472, 474, 478, 479, 480, 482, 483, 484, 486, 487, 488, 489, 490, 491, 493, 497, 498, 500, 501, 502, 503, 504, 505, 507, 521, 522, 524, 526, 529, 532, 535, 537, 548, 549, 550, 562, 563, 564, 582, 583, 587, 589, 591, 601, 608, 609, 610, 619, 626, 627, 628, 636, 637, 639, 640, 641, 645, 647, 649, 652, 653, 654, 655, 658, 659, 667, 674, 675, 677, 678, 679, 683, 684, 686, 707, 711, 712, 713, 730, 741, 742, 744, 745, 747, 784, 792, 793, 794, 801], "excluded_lines": []}, "": {"executed_lines": [], "summary": {"covered_lines": 0, "num_statements": 96, "percent_covered": 0.0, "percent_covered_display": "0", "missing_lines": 96, "excluded_lines": 0}, "missing_lines": [17, 18, 19, 20, 21, 22, 23, 24, 25, 28, 29, 32, 33, 34, 37, 38, 40, 41, 42, 43, 44, 47, 48, 49, 56, 59, 60, 62, 63, 65, 66, 67, 74, 76, 79, 80, 82, 85, 93, 137, 164, 165, 181, 240, 298, 353, 398, 458, 476, 495, 509, 510, 560, 585, 643, 681, 709, 732, 780, 790, 804, 806, 807, 809, 810, 813, 814, 816, 817, 818, 819, 821, 822, 823, 824, 825, 826, 828, 829, 830, 831, 832, 833, 834, 836, 837, 838, 839, 840, 841, 843, 845, 846, 847, 850, 851], "excluded_lines": []}}}, "modules/workflow/email_application_api.py": {"executed_lines": [], "summary": {"covered_lines": 0, "num_statements": 127, "percent_covered": 0.0, "percent_covered_display": "0", "missing_lines": 127, "excluded_lines": 0}, "missing_lines": [9, 10, 11, 12, 14, 16, 19, 22, 23, 24, 28, 30, 31, 34, 35, 36, 38, 39, 42, 43, 44, 54, 55, 56, 59, 62, 64, 74, 75, 76, 79, 80, 81, 83, 84, 85, 87, 88, 90, 91, 93, 95, 96, 97, 100, 101, 102, 104, 105, 107, 108, 111, 133, 135, 136, 137, 139, 140, 143, 145, 161, 162, 163, 164, 166, 168, 183, 184, 185, 188, 189, 190, 192, 193, 195, 196, 199, 211, 212, 215, 233, 234, 235, 236, 237, 239, 248, 249, 250, 253, 254, 255, 257, 258, 260, 261, 262, 272, 273, 274, 276, 279, 282, 283, 284, 287, 288, 290, 315, 316, 317, 320, 321, 323, 324, 327, 328, 329, 330, 333, 334, 337, 338, 340, 357, 358, 359], "excluded_lines": [], "functions": {"require_auth": {"executed_lines": [], "summary": {"covered_lines": 0, "num_statements": 3, "percent_covered": 0.0, "percent_covered_display": "0", "missing_lines": 3, "excluded_lines": 0}, "missing_lines": [22, 30, 31], "excluded_lines": []}, "require_auth.decorated_function": {"executed_lines": [], "summary": {"covered_lines": 0, "num_statements": 3, "percent_covered": 0.0, "percent_covered_display": "0", "missing_lines": 3, "excluded_lines": 0}, "missing_lines": [23, 24, 28], "excluded_lines": []}, "send_single_application": {"executed_lines": [], "summary": {"covered_lines": 0, "num_statements": 14, "percent_covered": 0.0, "percent_covered_display": "0", "missing_lines": 14, "excluded_lines": 0}, "missing_lines": [38, 39, 42, 43, 44, 54, 55, 56, 59, 62, 64, 74, 75, 76], "excluded_lines": []}, "send_batch_applications": {"executed_lines": [], "summary": {"covered_lines": 0, "num_statements": 11, "percent_covered": 0.0, "percent_covered_display": "0", "missing_lines": 11, "excluded_lines": 0}, "missing_lines": [83, 84, 85, 87, 88, 90, 91, 93, 95, 96, 97], "excluded_lines": []}, "get_eligible_applications": {"executed_lines": [], "summary": {"covered_lines": 0, "num_statements": 22, "percent_covered": 0.0, "percent_covered_display": "0", "missing_lines": 22, "excluded_lines": 0}, "missing_lines": [104, 105, 107, 108, 111, 133, 135, 136, 137, 139, 140, 143, 145, 161, 162, 163, 164, 166, 168, 183, 184, 185], "excluded_lines": []}, "get_application_stats": {"executed_lines": [], "summary": {"covered_lines": 0, "num_statements": 17, "percent_covered": 0.0, "percent_covered_display": "0", "missing_lines": 17, "excluded_lines": 0}, "missing_lines": [192, 193, 195, 196, 199, 211, 212, 215, 233, 234, 235, 236, 237, 239, 248, 249, 250], "excluded_lines": []}, "test_job_eligibility": {"executed_lines": [], "summary": {"covered_lines": 0, "num_statements": 19, "percent_covered": 0.0, "percent_covered_display": "0", "missing_lines": 19, "excluded_lines": 0}, "missing_lines": [257, 258, 260, 261, 262, 272, 273, 274, 276, 279, 282, 283, 284, 287, 288, 290, 315, 316, 317], "excluded_lines": []}, "health_check": {"executed_lines": [], "summary": {"covered_lines": 0, "num_statements": 14, "percent_covered": 0.0, "percent_covered_display": "0", "missing_lines": 14, "excluded_lines": 0}, "missing_lines": [323, 324, 327, 328, 329, 330, 333, 334, 337, 338, 340, 357, 358, 359], "excluded_lines": []}, "": {"executed_lines": [], "summary": {"covered_lines": 0, "num_statements": 24, "percent_covered": 0.0, "percent_covered_display": "0", "missing_lines": 24, "excluded_lines": 0}, "missing_lines": [9, 10, 11, 12, 14, 16, 19, 34, 35, 36, 79, 80, 81, 100, 101, 102, 188, 189, 190, 253, 254, 255, 320, 321], "excluded_lines": []}}, "classes": {"": {"executed_lines": [], "summary": {"covered_lines": 0, "num_statements": 127, "percent_covered": 0.0, "percent_covered_display": "0", "missing_lines": 127, "excluded_lines": 0}, "missing_lines": [9, 10, 11, 12, 14, 16, 19, 22, 23, 24, 28, 30, 31, 34, 35, 36, 38, 39, 42, 43, 44, 54, 55, 56, 59, 62, 64, 74, 75, 76, 79, 80, 81, 83, 84, 85, 87, 88, 90, 91, 93, 95, 96, 97, 100, 101, 102, 104, 105, 107, 108, 111, 133, 135, 136, 137, 139, 140, 143, 145, 161, 162, 163, 164, 166, 168, 183, 184, 185, 188, 189, 190, 192, 193, 195, 196, 199, 211, 212, 215, 233, 234, 235, 236, 237, 239, 248, 249, 250, 253, 254, 255, 257, 258, 260, 261, 262, 272, 273, 274, 276, 279, 282, 283, 284, 287, 288, 290, 315, 316, 317, 320, 321, 323, 324, 327, 328, 329, 330, 333, 334, 337, 338, 340, 357, 358, 359], "excluded_lines": []}}}, "modules/workflow/email_application_sender.py": {"executed_lines": [], "summary": {"covered_lines": 0, "num_statements": 218, "percent_covered": 0.0, "percent_covered_display": "0", "missing_lines": 218, "excluded_lines": 0}, "missing_lines": [19, 20, 21, 22, 23, 24, 25, 26, 29, 30, 32, 34, 35, 36, 39, 40, 41, 48, 51, 52, 54, 55, 56, 58, 59, 60, 66, 68, 69, 70, 71, 73, 76, 87, 89, 90, 91, 92, 95, 98, 101, 104, 105, 106, 107, 110, 115, 120, 122, 125, 127, 147, 149, 151, 182, 183, 185, 186, 187, 188, 189, 190, 191, 192, 193, 195, 196, 198, 212, 213, 214, 216, 217, 220, 221, 223, 225, 226, 228, 229, 230, 231, 233, 235, 236, 237, 238, 239, 240, 243, 244, 246, 247, 249, 259, 262, 263, 266, 268, 269, 272, 273, 274, 275, 276, 277, 278, 281, 282, 283, 284, 290, 291, 292, 293, 294, 295, 296, 297, 299, 300, 302, 304, 314, 321, 323, 324, 327, 340, 341, 342, 343, 344, 347, 357, 358, 359, 360, 361, 363, 364, 366, 368, 379, 380, 383, 385, 387, 388, 391, 392, 393, 394, 396, 397, 398, 400, 402, 404, 418, 419, 421, 423, 425, 427, 440, 442, 443, 444, 447, 450, 453, 461, 462, 463, 471, 472, 475, 482, 484, 486, 498, 504, 505, 506, 508, 518, 519, 520, 523, 524, 527, 540, 541, 543, 544, 546, 556, 557, 558, 561, 576, 578, 580, 581, 582, 584, 585, 586, 587, 588, 590, 592, 601, 604, 606, 607, 608], "excluded_lines": [], "functions": {"EmailApplicationSender.__init__": {"executed_lines": [], "summary": {"covered_lines": 0, "num_statements": 14, "percent_covered": 0.0, "percent_covered_display": "0", "missing_lines": 14, "excluded_lines": 0}, "missing_lines": [89, 90, 91, 92, 95, 98, 101, 104, 105, 106, 107, 110, 115, 120], "excluded_lines": []}, "EmailApplicationSender._get_professional_email_template": {"executed_lines": [], "summary": {"covered_lines": 0, "num_statements": 2, "percent_covered": 0.0, "percent_covered_display": "0", "missing_lines": 2, "excluded_lines": 0}, "missing_lines": [125, 127], "excluded_lines": []}, "EmailApplicationSender._get_fallback_email_template": {"executed_lines": [], "summary": {"covered_lines": 0, "num_statements": 2, "percent_covered": 0.0, "percent_covered_display": "0", "missing_lines": 2, "excluded_lines": 0}, "missing_lines": [149, 151], "excluded_lines": []}, "EmailApplicationSender.get_db_connection": {"executed_lines": [], "summary": {"covered_lines": 0, "num_statements": 11, "percent_covered": 0.0, "percent_covered_display": "0", "missing_lines": 11, "excluded_lines": 0}, "missing_lines": [185, 186, 187, 188, 189, 190, 191, 192, 193, 195, 196], "excluded_lines": []}, "EmailApplicationSender.extract_email_from_job_description": {"executed_lines": [], "summary": {"covered_lines": 0, "num_statements": 25, "percent_covered": 0.0, "percent_covered_display": "0", "missing_lines": 25, "excluded_lines": 0}, "missing_lines": [212, 213, 214, 216, 217, 220, 221, 223, 225, 226, 228, 229, 230, 231, 233, 235, 236, 237, 238, 239, 240, 243, 244, 246, 247], "excluded_lines": []}, "EmailApplicationSender.check_sending_eligibility": {"executed_lines": [], "summary": {"covered_lines": 0, "num_statements": 28, "percent_covered": 0.0, "percent_covered_display": "0", "missing_lines": 28, "excluded_lines": 0}, "missing_lines": [259, 262, 263, 266, 268, 269, 272, 273, 274, 275, 276, 277, 278, 281, 282, 283, 284, 290, 291, 292, 293, 294, 295, 296, 297, 299, 300, 302], "excluded_lines": []}, "EmailApplicationSender.prepare_application_documents": {"executed_lines": [], "summary": {"covered_lines": 0, "num_statements": 19, "percent_covered": 0.0, "percent_covered_display": "0", "missing_lines": 19, "excluded_lines": 0}, "missing_lines": [314, 321, 323, 324, 327, 340, 341, 342, 343, 344, 347, 357, 358, 359, 360, 361, 363, 364, 366], "excluded_lines": []}, "EmailApplicationSender.compose_email_content": {"executed_lines": [], "summary": {"covered_lines": 0, "num_statements": 21, "percent_covered": 0.0, "percent_covered_display": "0", "missing_lines": 21, "excluded_lines": 0}, "missing_lines": [379, 380, 383, 385, 387, 388, 391, 392, 393, 394, 396, 397, 398, 400, 402, 404, 418, 419, 421, 423, 425], "excluded_lines": []}, "EmailApplicationSender.send_job_application": {"executed_lines": [], "summary": {"covered_lines": 0, "num_statements": 20, "percent_covered": 0.0, "percent_covered_display": "0", "missing_lines": 20, "excluded_lines": 0}, "missing_lines": [440, 442, 443, 444, 447, 450, 453, 461, 462, 463, 471, 472, 475, 482, 484, 486, 498, 504, 505, 506], "excluded_lines": []}, "EmailApplicationSender._update_application_status": {"executed_lines": [], "summary": {"covered_lines": 0, "num_statements": 10, "percent_covered": 0.0, "percent_covered_display": "0", "missing_lines": 10, "excluded_lines": 0}, "missing_lines": [518, 519, 520, 523, 524, 527, 540, 541, 543, 544], "excluded_lines": []}, "EmailApplicationSender.process_eligible_applications": {"executed_lines": [], "summary": {"covered_lines": 0, "num_statements": 21, "percent_covered": 0.0, "percent_covered_display": "0", "missing_lines": 21, "excluded_lines": 0}, "missing_lines": [556, 557, 558, 561, 576, 578, 580, 581, 582, 584, 585, 586, 587, 588, 590, 592, 601, 604, 606, 607, 608], "excluded_lines": []}, "": {"executed_lines": [], "summary": {"covered_lines": 0, "num_statements": 45, "percent_covered": 0.0, "percent_covered_display": "0", "missing_lines": 45, "excluded_lines": 0}, "missing_lines": [19, 20, 21, 22, 23, 24, 25, 26, 29, 30, 32, 34, 35, 36, 39, 40, 41, 48, 51, 52, 54, 55, 56, 58, 59, 60, 66, 68, 69, 70, 71, 73, 76, 87, 122, 147, 182, 183, 198, 249, 304, 368, 427, 508, 546], "excluded_lines": []}}, "classes": {"EmailApplicationSender": {"executed_lines": [], "summary": {"covered_lines": 0, "num_statements": 173, "percent_covered": 0.0, "percent_covered_display": "0", "missing_lines": 173, "excluded_lines": 0}, "missing_lines": [89, 90, 91, 92, 95, 98, 101, 104, 105, 106, 107, 110, 115, 120, 125, 127, 149, 151, 185, 186, 187, 188, 189, 190, 191, 192, 193, 195, 196, 212, 213, 214, 216, 217, 220, 221, 223, 225, 226, 228, 229, 230, 231, 233, 235, 236, 237, 238, 239, 240, 243, 244, 246, 247, 259, 262, 263, 266, 268, 269, 272, 273, 274, 275, 276, 277, 278, 281, 282, 283, 284, 290, 291, 292, 293, 294, 295, 296, 297, 299, 300, 302, 314, 321, 323, 324, 327, 340, 341, 342, 343, 344, 347, 357, 358, 359, 360, 361, 363, 364, 366, 379, 380, 383, 385, 387, 388, 391, 392, 393, 394, 396, 397, 398, 400, 402, 404, 418, 419, 421, 423, 425, 440, 442, 443, 444, 447, 450, 453, 461, 462, 463, 471, 472, 475, 482, 484, 486, 498, 504, 505, 506, 518, 519, 520, 523, 524, 527, 540, 541, 543, 544, 556, 557, 558, 561, 576, 578, 580, 581, 582, 584, 585, 586, 587, 588, 590, 592, 601, 604, 606, 607, 608], "excluded_lines": []}, "": {"executed_lines": [], "summary": {"covered_lines": 0, "num_statements": 45, "percent_covered": 0.0, "percent_covered_display": "0", "missing_lines": 45, "excluded_lines": 0}, "missing_lines": [19, 20, 21, 22, 23, 24, 25, 26, 29, 30, 32, 34, 35, 36, 39, 40, 41, 48, 51, 52, 54, 55, 56, 58, 59, 60, 66, 68, 69, 70, 71, 73, 76, 87, 122, 147, 182, 183, 198, 249, 304, 368, 427, 508, 546], "excluded_lines": []}}}, "modules/workflow/workflow_api.py": {"executed_lines": [], "summary": {"covered_lines": 0, "num_statements": 101, "percent_covered": 0.0, "percent_covered_display": "0", "missing_lines": 101, "excluded_lines": 0}, "missing_lines": [12, 13, 14, 16, 19, 20, 23, 26, 27, 28, 38, 40, 41, 44, 45, 47, 48, 49, 59, 60, 61, 69, 70, 71, 73, 74, 75, 78, 79, 90, 91, 93, 102, 103, 104, 117, 118, 119, 121, 122, 123, 125, 134, 135, 136, 149, 150, 151, 153, 154, 155, 157, 171, 172, 173, 186, 187, 188, 190, 191, 192, 194, 196, 198, 200, 213, 215, 216, 218, 241, 252, 253, 254, 267, 268, 269, 271, 272, 274, 293, 294, 295, 308, 309, 311, 313, 315, 326, 327, 328, 344, 345, 346, 348, 349, 350, 352, 366, 367, 368, 382], "excluded_lines": [], "functions": {"require_auth": {"executed_lines": [], "summary": {"covered_lines": 0, "num_statements": 3, "percent_covered": 0.0, "percent_covered_display": "0", "missing_lines": 3, "excluded_lines": 0}, "missing_lines": [26, 40, 41], "excluded_lines": []}, "require_auth.decorated_function": {"executed_lines": [], "summary": {"covered_lines": 0, "num_statements": 3, "percent_covered": 0.0, "percent_covered_display": "0", "missing_lines": 3, "excluded_lines": 0}, "missing_lines": [27, 28, 38], "excluded_lines": []}, "health_check": {"executed_lines": [], "summary": {"covered_lines": 0, "num_statements": 6, "percent_covered": 0.0, "percent_covered_display": "0", "missing_lines": 6, "excluded_lines": 0}, "missing_lines": [47, 48, 49, 59, 60, 61], "excluded_lines": []}, "execute_workflow": {"executed_lines": [], "summary": {"covered_lines": 0, "num_statements": 11, "percent_covered": 0.0, "percent_covered_display": "0", "missing_lines": 11, "excluded_lines": 0}, "missing_lines": [73, 74, 75, 78, 79, 90, 91, 93, 102, 103, 104], "excluded_lines": []}, "get_workflow_status": {"executed_lines": [], "summary": {"covered_lines": 0, "num_statements": 7, "percent_covered": 0.0, "percent_covered_display": "0", "missing_lines": 7, "excluded_lines": 0}, "missing_lines": [121, 122, 123, 125, 134, 135, 136], "excluded_lines": []}, "get_daily_metrics": {"executed_lines": [], "summary": {"covered_lines": 0, "num_statements": 7, "percent_covered": 0.0, "percent_covered_display": "0", "missing_lines": 7, "excluded_lines": 0}, "missing_lines": [153, 154, 155, 157, 171, 172, 173], "excluded_lines": []}, "test_workflow": {"executed_lines": [], "summary": {"covered_lines": 0, "num_statements": 15, "percent_covered": 0.0, "percent_covered_display": "0", "missing_lines": 15, "excluded_lines": 0}, "missing_lines": [190, 191, 192, 194, 196, 198, 200, 213, 215, 216, 218, 241, 252, 253, 254], "excluded_lines": []}, "get_workflow_config": {"executed_lines": [], "summary": {"covered_lines": 0, "num_statements": 6, "percent_covered": 0.0, "percent_covered_display": "0", "missing_lines": 6, "excluded_lines": 0}, "missing_lines": [271, 272, 274, 293, 294, 295], "excluded_lines": []}, "get_workflow_health": {"executed_lines": [], "summary": {"covered_lines": 0, "num_statements": 6, "percent_covered": 0.0, "percent_covered_display": "0", "missing_lines": 6, "excluded_lines": 0}, "missing_lines": [311, 313, 315, 326, 327, 328], "excluded_lines": []}, "get_step_2_2_daily_metrics": {"executed_lines": [], "summary": {"covered_lines": 0, "num_statements": 7, "percent_covered": 0.0, "percent_covered_display": "0", "missing_lines": 7, "excluded_lines": 0}, "missing_lines": [348, 349, 350, 352, 366, 367, 368], "excluded_lines": []}, "": {"executed_lines": [], "summary": {"covered_lines": 0, "num_statements": 30, "percent_covered": 0.0, "percent_covered_display": "0", "missing_lines": 30, "excluded_lines": 0}, "missing_lines": [12, 13, 14, 16, 19, 20, 23, 44, 45, 69, 70, 71, 117, 118, 119, 149, 150, 151, 186, 187, 188, 267, 268, 269, 308, 309, 344, 345, 346, 382], "excluded_lines": []}}, "classes": {"": {"executed_lines": [], "summary": {"covered_lines": 0, "num_statements": 101, "percent_covered": 0.0, "percent_covered_display": "0", "missing_lines": 101, "excluded_lines": 0}, "missing_lines": [12, 13, 14, 16, 19, 20, 23, 26, 27, 28, 38, 40, 41, 44, 45, 47, 48, 49, 59, 60, 61, 69, 70, 71, 73, 74, 75, 78, 79, 90, 91, 93, 102, 103, 104, 117, 118, 119, 121, 122, 123, 125, 134, 135, 136, 149, 150, 151, 153, 154, 155, 157, 171, 172, 173, 186, 187, 188, 190, 191, 192, 194, 196, 198, 200, 213, 215, 216, 218, 241, 252, 253, 254, 267, 268, 269, 271, 272, 274, 293, 294, 295, 308, 309, 311, 313, 315, 326, 327, 328, 344, 345, 346, 348, 349, 350, 352, 366, 367, 368, 382], "excluded_lines": []}}}}, "totals": {"covered_lines": 2587, "num_statements": 11230, "percent_covered": 23.036509349955477, "percent_covered_display": "23", "missing_lines": 8643, "excluded_lines": 4}}